The mesh:
The mesh:
0: MeshBody1

polling
polling
polling
polling
polling
polling
The mesh:
The mesh:
The mesh:
The mesh:
The mesh:
The mesh:
The mesh:
The mesh:
The mesh:
The mesh:
The mesh:
The mesh:
The mesh:
The mesh:
The mesh:
The mesh:
The mesh:
The mesh:
The mesh:
The mesh:
The mesh:
The mesh:
The mesh:
The mesh:
The mesh:
The mesh:
The mesh:
The mesh:
The mesh:
The mesh:
The mesh:
The mesh:
The mesh:
The mesh:
The mesh:
The mesh:
The mesh:
The mesh:
The mesh:
The mesh:
The mesh:
The mesh:
The mesh:
The mesh:
The mesh:
0: MeshBody1

The mesh:
0: MeshBody1

The mesh:
0: MeshBody1

The mesh:
0: MeshBody1

saveActiveMesh()
Testing the product...
Testing the design...
Testing the root component...
Testing the mesh collection...
Writing meshes...
The mesh:
The mesh is saved
saveActiveMesh()
Testing the product...
Testing the design...
Testing the root component...
Testing the mesh collection...
Writing meshes...
The mesh:
The mesh is saved
saveActiveMesh()
Testing the product...
Testing the design...
Testing the root component...
Testing the mesh collection...
Writing meshes...
The mesh:
The mesh is saved
saveActiveMesh()
Testing the product...
Testing the design...
Testing the root component...
Testing the mesh collection...
Writing meshes...
The mesh:
The mesh is saved
saveActiveMesh()
Testing the product...
Testing the design...
Testing the root component...
Testing the mesh collection...
Writing meshes...
The mesh:
The mesh is saved
saveActiveMesh()
Testing the product...
Testing the design...
Testing the root component...
Testing the mesh collection...
Writing meshes...
The mesh:
The mesh is saved
saveActiveMesh()
Testing the product...
Testing the design...
Testing the root component...
Testing the mesh collection...
Writing meshes...
The mesh:
The mesh is saved
saveActiveMesh()
Testing the product...
Testing the design...
Testing the root component...
Testing the mesh collection...
Writing meshes...
The mesh:
The mesh is saved
saveActiveMesh()
Testing the product...
Testing the design...
Testing the root component...
Testing the mesh collection...
Writing meshes...
The mesh:
The mesh is saved
saveActiveMesh()
Testing the product...
Testing the design...
Testing the root component...
Testing the mesh collection...
Writing meshes...
The mesh:
The mesh is saved
saveActiveMesh()
Testing the product...
Testing the design...
Testing the root component...
Testing the mesh collection...
Writing meshes...
The mesh:
The mesh is saved
saveActiveMesh()
Testing the product...
Testing the design...
Testing the root component...
Testing the mesh collection...
Writing meshes...
The mesh:
The mesh is saved
saveActiveMesh()
Testing the product...
Testing the design...
Testing the root component...
Testing the mesh collection...
Writing meshes...
The mesh:
0: MeshBody1

The mesh is saved
saveActiveMesh()
Testing the product...
Testing the design...
Testing the root component...
Testing the mesh collection...
Writing meshes...
The mesh:
0: MeshBody1

The mesh is saved
saveActiveMesh()
Testing the product...
Testing the design...
Testing the root component...
Testing the mesh collection...
Writing meshes...
The mesh:
0: MeshBody1

The mesh is saved
saveActiveMesh()
Testing the product...
Testing the design...
Testing the root component...
Testing the mesh collection...
Writing meshes...
The mesh:
0: MeshBody1

The mesh is saved
saveActiveMesh()
Testing the product...
Testing the design...
Testing the root component...
Testing the mesh collection...
Writing meshes...
The mesh:
0: MeshBody1

The mesh is saved
saveActiveMesh()
Testing the product...
Testing the design...
Testing the root component...
Testing the mesh collection...
Writing meshes...
The mesh:
The mesh is saved
saveActiveMesh()
Testing the product...
Testing the design...
Error retrieving active design!
Testing the root component...
Testing the mesh collection...
Writing meshes...
Error
saveActiveMesh()
Testing the product...
Testing the design...
Error retrieving active design!
Testing the root component...
Testing the mesh collection...
Writing meshes...
Error
saveActiveMesh()
Testing the product...
Testing the design...
Error retrieving active design!
Testing the root component...
Testing the mesh collection...
Writing meshes...
Error
saveActiveMesh()
Testing the product...
Testing the design...
Error retrieving active design!
Testing the root component...
Testing the mesh collection...
Writing meshes...
Error
saveActiveMesh()
Testing the product...
Testing the design...
Error retrieving active design!
Testing the root component...
Testing the mesh collection...
Writing meshes...
Error
saveActiveMesh()
Testing the product...
Testing the design...
Error retrieving active design!
Testing the root component...
Testing the mesh collection...
Writing meshes...
Error
saveActiveMesh()
Testing the product...
Testing the design...
Error retrieving active design!
Testing the root component...
Testing the mesh collection...
Writing meshes...
Error
saveActiveMesh()
Testing the product...
Testing the design...
Error retrieving active design!
Testing the root component...
Testing the mesh collection...
Writing meshes...
Error
saveActiveMesh()
Testing the product...
Testing the design...
Error retrieving active design!
Testing the root component...
Testing the mesh collection...
Writing meshes...
Error
saveActiveMesh()
Testing the product...
Testing the design...
Error retrieving active design!
Testing the root component...
Testing the mesh collection...
Writing meshes...
Error
saveActiveMesh()
Testing the product...
Testing the design...
Error retrieving active design!
Testing the root component...
Testing the mesh collection...
Writing meshes...
Error
saveActiveMesh()
Testing the product...
Testing the design...
Error retrieving active design!
Testing the root component...
Testing the mesh collection...
Writing meshes...
Error
saveActiveMesh()
Testing the product...
Testing the design...
Error retrieving active design!
Testing the root component...
Testing the mesh collection...
Writing meshes...
Error
saveActiveMesh()
Testing the product...
Testing the design...
Error retrieving active design!
Testing the root component...
Testing the mesh collection...
Writing meshes...
Error
saveActiveMesh()
Testing the product...
Testing the design...
Error retrieving active design!
Testing the root component...
Testing the mesh collection...
Writing meshes...
Error
saveActiveMesh()
Testing the product...
Testing the design...
Error retrieving active design!
Testing the root component...
Testing the mesh collection...
Writing meshes...
Error
saveActiveMesh()
Testing the product...
Testing the design...
Error retrieving active design!
Testing the root component...
Testing the mesh collection...
Writing meshes...
Error
saveActiveMesh()
Testing the product...
Testing the design...
Error retrieving active design!
Testing the root component...
Testing the mesh collection...
Writing meshes...
Error
saveActiveMesh()
Testing the product...
Testing the design...
Error retrieving active design!
Testing the root component...
Testing the mesh collection...
Writing meshes...
Error
saveActiveMesh()
Testing the product...
Testing the design...
Error retrieving active design!
Testing the root component...
Testing the mesh collection...
Writing meshes...
Error
saveActiveMesh()
Testing the product...
Testing the design...
Error retrieving active design!
Testing the root component...
Testing the mesh collection...
Writing meshes...
Error
saveActiveMesh()
Testing the product...
Testing the design...
Error retrieving active design!
Testing the root component...
Testing the mesh collection...
Writing meshes...
Error
saveActiveMesh()
Testing the product...
Testing the design...
Error retrieving active design!
Testing the root component...
Testing the mesh collection...
Writing meshes...
Error
saveActiveMesh()
Testing the product...
Testing the design...
Error retrieving active design!
Testing the root component...
Testing the mesh collection...
Writing meshes...
Error
saveActiveMesh()
Testing the product...
Testing the design...
Error retrieving active design!
Testing the root component...
Testing the mesh collection...
Writing meshes...
Error
saveActiveMesh()
Testing the product...
Testing the design...
Error retrieving active design!
Testing the root component...
Testing the mesh collection...
Writing meshes...
Error
saveActiveMesh()
Testing the product...
Testing the design...
Error retrieving active design!
Testing the root component...
Testing the mesh collection...
Writing meshes...
Error
saveActiveMesh()
Testing the product...
Testing the design...
Error retrieving active design!
Testing the root component...
Testing the mesh collection...
Writing meshes...
Error
saveActiveMesh()
Testing the product...
Testing the design...
Error retrieving active design!
Testing the root component...
Testing the mesh collection...
Writing meshes...
Error
saveActiveMesh()
Testing the product...
Testing the design...
Error retrieving active design!
Testing the root component...
Testing the mesh collection...
Writing meshes...
Error
saveActiveMesh()
Testing the product...
Testing the design...
Error retrieving active design!
Testing the root component...
Testing the mesh collection...
Writing meshes...
Error
saveActiveMesh()
Testing the product...
Testing the design...
Error retrieving active design!
Testing the root component...
Testing the mesh collection...
Writing meshes...
Error
saveActiveMesh()
Testing the product...
Testing the design...
Error retrieving active design!
Testing the root component...
Testing the mesh collection...
Writing meshes...
Error
saveActiveMesh()
Testing the product...
Testing the design...
Error retrieving active design!
Testing the root component...
Testing the mesh collection...
Writing meshes...
Error
saveActiveMesh()
Testing the product...
Testing the design...
Testing the root component...
Testing the mesh collection...
Writing meshes...
The mesh:
0: MeshBody1

The mesh is saved
saveActiveMesh()
Testing the product...
Testing the design...
Testing the root component...
Testing the mesh collection...
Writing meshes...
The mesh:
0: MeshBody1

The mesh is saved
saveActiveMesh()
Testing the product...
No active design!
Testing the design...
Testing the root component...
Testing the mesh collection...
Writing meshes...
Error
saveActiveMesh()
Testing the product...
No active design!
Testing the design...
Testing the root component...
Testing the mesh collection...
Writing meshes...
Error
saveActiveMesh()
Testing the product...
No active design!
Testing the design...
Testing the root component...
Testing the mesh collection...
Writing meshes...
Error
0
saveActiveMesh()
Testing the product...
Testing the design...
Testing the cam...
Error retrieving the cam!
Testing the root component...
Testing the mesh collection...
Writing meshes...
Error
1
saveActiveMesh()
Testing the product...
Testing the design...
Testing the cam...
Error retrieving the cam!
Testing the root component...
Testing the mesh collection...
Writing meshes...
Error
2
saveActiveMesh()
Testing the product...
Testing the design...
Testing the cam...
Error retrieving the cam!
Testing the root component...
Testing the mesh collection...
Writing meshes...
Error
3
saveActiveMesh()
Testing the product...
Testing the design...
Testing the cam...
Error retrieving the cam!
Testing the root component...
Testing the mesh collection...
Writing meshes...
Error
4
saveActiveMesh()
Testing the product...
Testing the design...
Testing the cam...
Error retrieving the cam!
Testing the root component...
Testing the mesh collection...
Writing meshes...
Error
5
saveActiveMesh()
Testing the product...
Testing the design...
Testing the cam...
Error retrieving the cam!
Testing the root component...
Testing the mesh collection...
Writing meshes...
Error
6
saveActiveMesh()
Testing the product...
Testing the design...
Testing the cam...
Error retrieving the cam!
Testing the root component...
Testing the mesh collection...
Writing meshes...
Error
7
saveActiveMesh()
Testing the product...
Testing the design...
Testing the cam...
Error retrieving the cam!
Testing the root component...
Testing the mesh collection...
Writing meshes...
Error
8
saveActiveMesh()
Testing the product...
Testing the design...
Error retrieving the design!
Testing the cam...
Testing the root component...
Testing the mesh collection...
Writing meshes...
Error
9
saveActiveMesh()
Testing the product...
Testing the design...
Error retrieving the design!
Testing the cam...
Testing the root component...
Testing the mesh collection...
Writing meshes...
Error
10
saveActiveMesh()
Testing the product...
Testing the design...
Error retrieving the design!
Testing the cam...
Testing the root component...
Testing the mesh collection...
Writing meshes...
Error
11
saveActiveMesh()
Testing the product...
Testing the design...
Error retrieving the design!
Testing the cam...
Testing the root component...
Testing the mesh collection...
Writing meshes...
Error
12
saveActiveMesh()
Testing the product...
Testing the design...
Error retrieving the design!
Testing the cam...
Testing the root component...
Testing the mesh collection...
Writing meshes...
Error
13
saveActiveMesh()
Testing the product...
Testing the design...
Error retrieving the design!
Testing the cam...
Testing the root component...
Testing the mesh collection...
Writing meshes...
Error
14
saveActiveMesh()
Testing the product...
Testing the design...
Error retrieving the design!
Testing the cam...
Testing the root component...
Testing the mesh collection...
Writing meshes...
Error
15
saveActiveMesh()
Testing the product...
Testing the design...
Error retrieving the design!
Testing the cam...
Testing the root component...
Testing the mesh collection...
Writing meshes...
Error
16
saveActiveMesh()
Testing the product...
Testing the design...
Error retrieving the design!
Testing the cam...
Testing the root component...
Testing the mesh collection...
Writing meshes...
Error
17
saveActiveMesh()
Testing the product...
Testing the design...
Error retrieving the design!
Testing the cam...
Testing the root component...
Testing the mesh collection...
Writing meshes...
Error
18
saveActiveMesh()
Testing the product...
Testing the design...
Error retrieving the design!
Testing the cam...
Testing the root component...
Testing the mesh collection...
Writing meshes...
Error
19
saveActiveMesh()
Testing the product...
Testing the design...
Error retrieving the design!
Testing the cam...
Testing the root component...
Testing the mesh collection...
Writing meshes...
Error
20
saveActiveMesh()
Testing the product...
Testing the design...
Error retrieving the design!
Testing the cam...
Testing the root component...
Testing the mesh collection...
Writing meshes...
Error
21
saveActiveMesh()
Testing the product...
No active design!
Testing the design...
Testing the cam...
Testing the root component...
Testing the mesh collection...
Writing meshes...
Error
22
saveActiveMesh()
Testing the product...
No active design!
Testing the design...
Testing the cam...
Testing the root component...
Testing the mesh collection...
Writing meshes...
Error
23
saveActiveMesh()
Testing the product...
No active design!
Testing the design...
Testing the cam...
Testing the root component...
Testing the mesh collection...
Writing meshes...
Error
24
saveActiveMesh()
Testing the product...
No active design!
Testing the design...
Testing the cam...
Testing the root component...
Testing the mesh collection...
Writing meshes...
Error
25
saveActiveMesh()
Testing the product...
No active design!
Testing the design...
Testing the cam...
Testing the root component...
Testing the mesh collection...
Writing meshes...
Error
0
saveActiveMesh()
Testing the product...
Testing the design...
Testing the root component...
Testing the mesh collection...
Writing meshes...
The mesh:
The mesh is saved
1
saveActiveMesh()
Testing the product...
Testing the design...
Testing the root component...
Testing the mesh collection...
Writing meshes...
The mesh:
The mesh is saved
2
saveActiveMesh()
Testing the product...
Testing the design...
Testing the root component...
Testing the mesh collection...
Writing meshes...
The mesh:
The mesh is saved
3
saveActiveMesh()
Testing the product...
Testing the design...
Testing the root component...
Testing the mesh collection...
Writing meshes...
The mesh:
The mesh is saved
4
saveActiveMesh()
Testing the product...
Testing the design...
Testing the root component...
Testing the mesh collection...
Writing meshes...
The mesh:
The mesh is saved
5
saveActiveMesh()
Testing the product...
Testing the design...
Testing the root component...
Testing the mesh collection...
Writing meshes...
The mesh:
The mesh is saved
6
saveActiveMesh()
Testing the product...
Testing the design...
Testing the root component...
Testing the mesh collection...
Writing meshes...
The mesh:
The mesh is saved
7
saveActiveMesh()
Testing the product...
Testing the design...
Testing the root component...
Testing the mesh collection...
Writing meshes...
The mesh:
The mesh is saved
8
saveActiveMesh()
Testing the product...
Testing the design...
Testing the root component...
Testing the mesh collection...
Writing meshes...
The mesh:
The mesh is saved
9
saveActiveMesh()
Testing the product...
Testing the design...
Testing the root component...
Testing the mesh collection...
Writing meshes...
The mesh:
The mesh is saved
10
saveActiveMesh()
Testing the product...
Testing the design...
Error retrieving the design!
Testing the cam...
Error retrieving the cam!
Error
11
saveActiveMesh()
Testing the product...
Testing the design...
Error retrieving the design!
Testing the cam...
Error retrieving the cam!
Error
12
saveActiveMesh()
Testing the product...
Testing the design...
Error retrieving the design!
Testing the cam...
Error retrieving the cam!
Error
13
saveActiveMesh()
Testing the product...
Testing the design...
Error retrieving the design!
Testing the cam...
Error retrieving the cam!
Error
14
saveActiveMesh()
Testing the product...
Testing the design...
Error retrieving the design!
Testing the cam...
Error retrieving the cam!
Error
15
saveActiveMesh()
Testing the product...
Testing the design...
Error retrieving the design!
Testing the cam...
Error retrieving the cam!
Error
16
saveActiveMesh()
Testing the product...
Testing the design...
Error retrieving the design!
Testing the cam...
Error retrieving the cam!
Error
17
saveActiveMesh()
Testing the product...
Testing the design...
Testing the root component...
Testing the mesh collection...
Writing meshes...
The mesh:
The mesh is saved
18
saveActiveMesh()
Testing the product...
Testing the design...
Testing the root component...
Testing the mesh collection...
Writing meshes...
The mesh:
The mesh is saved
19
saveActiveMesh()
Testing the product...
Testing the design...
Testing the root component...
Testing the mesh collection...
Writing meshes...
The mesh:
The mesh is saved
20
saveActiveMesh()
Testing the product...
Testing the design...
Testing the root component...
Testing the mesh collection...
Writing meshes...
The mesh:
The mesh is saved
