2020-03-14 23:57:38.984 PollingTheApp: Polling thread started
2020-03-14 23:57:38.986 PollingTheApp: 0
2020-03-14 23:57:38.986 saveActiveMesh: saveActiveMesh()
2020-03-14 23:57:38.986 saveActiveMesh: Testing the product...
2020-03-14 23:57:38.987 saveActiveMesh: Testing the design...
2020-03-14 23:57:38.987 saveActiveMesh: Testing the root component...
2020-03-14 23:57:38.987 saveActiveMesh: Testing the mesh collection...
2020-03-14 23:57:38.987 saveActiveMesh: Writing meshes...
2020-03-14 23:57:38.987 saveActiveMesh: The mesh 0: MeshBody1

2020-03-14 23:57:38.988 writeMeshBody: Looking for the PolygonMesh...
2020-03-14 23:57:38.988 writePoints: Point:
2020-03-14 23:57:38.989 writePoints: 11.117977
2020-03-14 23:57:38.990 writePoints: -11.117977
2020-03-14 23:57:38.990 writePoints: 7.071678
2020-03-14 23:57:38.990 writePoints: Point:
2020-03-14 23:57:38.990 writePoints: 11.117977
2020-03-14 23:57:38.990 writePoints: 0.000000
2020-03-14 23:57:38.991 writePoints: 7.071678
2020-03-14 23:57:38.991 writePoints: Point:
2020-03-14 23:57:38.991 writePoints: 11.117977
2020-03-14 23:57:38.991 writePoints: 11.117977
2020-03-14 23:57:38.991 writePoints: 7.071678
2020-03-14 23:57:38.991 writePoints: Point:
2020-03-14 23:57:38.992 writePoints: 0.000000
2020-03-14 23:57:38.992 writePoints: 11.117977
2020-03-14 23:57:38.992 writePoints: 7.071678
2020-03-14 23:57:38.992 writePoints: Point:
2020-03-14 23:57:38.992 writePoints: -11.117977
2020-03-14 23:57:38.993 writePoints: 11.117977
2020-03-14 23:57:38.993 writePoints: 7.071678
2020-03-14 23:57:38.993 writePoints: Point:
2020-03-14 23:57:38.993 writePoints: -11.117977
2020-03-14 23:57:38.993 writePoints: 0.000000
2020-03-14 23:57:38.994 writePoints: 7.071678
2020-03-14 23:57:38.994 writePoints: Point:
2020-03-14 23:57:38.994 writePoints: -11.117977
2020-03-14 23:57:38.994 writePoints: -11.117977
2020-03-14 23:57:38.994 writePoints: 7.071678
2020-03-14 23:57:38.994 writePoints: Point:
2020-03-14 23:57:38.995 writePoints: 0.000000
2020-03-14 23:57:38.995 writePoints: -11.117977
2020-03-14 23:57:38.995 writePoints: 7.071678
2020-03-14 23:57:38.995 writePoints: Point:
2020-03-14 23:57:38.995 writePoints: 0.000000
2020-03-14 23:57:38.995 writePoints: 0.000000
2020-03-14 23:57:38.996 writePoints: 7.071678
2020-03-14 23:57:38.996 writePoints: Point:
2020-03-14 23:57:38.996 writePoints: 11.117977
2020-03-14 23:57:38.996 writePoints: 11.117977
2020-03-14 23:57:38.996 writePoints: -8.367977
2020-03-14 23:57:38.997 writePoints: Point:
2020-03-14 23:57:38.997 writePoints: 11.117977
2020-03-14 23:57:38.997 writePoints: 0.000000
2020-03-14 23:57:38.997 writePoints: -8.367977
2020-03-14 23:57:38.997 writePoints: Point:
2020-03-14 23:57:38.997 writePoints: 11.117977
2020-03-14 23:57:38.998 writePoints: -11.117977
2020-03-14 23:57:38.998 writePoints: -8.367977
2020-03-14 23:57:38.998 writePoints: Point:
2020-03-14 23:57:38.998 writePoints: 0.000000
2020-03-14 23:57:38.998 writePoints: -11.117977
2020-03-14 23:57:38.998 writePoints: -8.367977
2020-03-14 23:57:38.998 writePoints: Point:
2020-03-14 23:57:38.999 writePoints: -11.117977
2020-03-14 23:57:38.999 writePoints: -11.117977
2020-03-14 23:57:38.999 writePoints: -8.367977
2020-03-14 23:57:38.999 writePoints: Point:
2020-03-14 23:57:38.999 writePoints: -11.117977
2020-03-14 23:57:38.999 writePoints: 0.000000
2020-03-14 23:57:39.000 writePoints: -8.367977
2020-03-14 23:57:39.002 writePoints: Point:
2020-03-14 23:57:39.003 writePoints: -11.117977
2020-03-14 23:57:39.003 writePoints: 11.117977
2020-03-14 23:57:39.004 writePoints: -8.367977
2020-03-14 23:57:39.004 writePoints: Point:
2020-03-14 23:57:39.004 writePoints: 0.000000
2020-03-14 23:57:39.004 writePoints: 11.117977
2020-03-14 23:57:39.005 writePoints: -8.367977
2020-03-14 23:57:39.005 writePoints: Point:
2020-03-14 23:57:39.005 writePoints: 0.000000
2020-03-14 23:57:39.005 writePoints: 0.000000
2020-03-14 23:57:39.005 writePoints: -8.367977
2020-03-14 23:57:39.006 writePoints: Point:
2020-03-14 23:57:39.006 writePoints: -11.117977
2020-03-14 23:57:39.006 writePoints: -11.117977
2020-03-14 23:57:39.006 writePoints: -0.648150
2020-03-14 23:57:39.006 writePoints: Point:
2020-03-14 23:57:39.007 writePoints: 11.117977
2020-03-14 23:57:39.007 writePoints: -11.117977
2020-03-14 23:57:39.007 writePoints: -0.648150
2020-03-14 23:57:39.007 writePoints: Point:
2020-03-14 23:57:39.008 writePoints: 0.000000
2020-03-14 23:57:39.008 writePoints: -11.117977
2020-03-14 23:57:39.008 writePoints: -0.648150
2020-03-14 23:57:39.008 writePoints: Point:
2020-03-14 23:57:39.008 writePoints: -11.117977
2020-03-14 23:57:39.009 writePoints: 11.117977
2020-03-14 23:57:39.009 writePoints: -0.648150
2020-03-14 23:57:39.009 writePoints: Point:
2020-03-14 23:57:39.009 writePoints: -11.117977
2020-03-14 23:57:39.009 writePoints: 0.000000
2020-03-14 23:57:39.009 writePoints: -0.648150
2020-03-14 23:57:39.010 writePoints: Point:
2020-03-14 23:57:39.010 writePoints: 11.117977
2020-03-14 23:57:39.010 writePoints: 11.117977
2020-03-14 23:57:39.010 writePoints: -0.648150
2020-03-14 23:57:39.010 writePoints: Point:
2020-03-14 23:57:39.011 writePoints: 0.000000
2020-03-14 23:57:39.011 writePoints: 11.117977
2020-03-14 23:57:39.011 writePoints: -0.648150
2020-03-14 23:57:39.011 writePoints: Point:
2020-03-14 23:57:39.011 writePoints: 11.117977
2020-03-14 23:57:39.012 writePoints: 0.000000
2020-03-14 23:57:39.012 writePoints: -0.648150
2020-03-14 23:57:39.012 saveActiveMesh: The mesh is saved.
2020-03-14 23:57:42.012 PollingTheApp: 1
2020-03-14 23:57:42.012 saveActiveMesh: saveActiveMesh()
2020-03-14 23:57:42.012 saveActiveMesh: Testing the product...
2020-03-14 23:57:42.012 saveActiveMesh: Testing the design...
2020-03-14 23:57:42.013 saveActiveMesh: Testing the root component...
2020-03-14 23:57:42.013 saveActiveMesh: Testing the mesh collection...
2020-03-14 23:57:42.013 saveActiveMesh: Writing meshes...
2020-03-14 23:57:42.013 saveActiveMesh: The mesh 0: MeshBody1

2020-03-14 23:57:42.013 writeMeshBody: Looking for the PolygonMesh...
2020-03-14 23:57:42.014 writePoints: Point:
2020-03-14 23:57:42.014 writePoints: 11.117977
2020-03-14 23:57:42.014 writePoints: -11.117977
2020-03-14 23:57:42.014 writePoints: 7.071678
2020-03-14 23:57:42.014 writePoints: Point:
2020-03-14 23:57:42.014 writePoints: 11.117977
2020-03-14 23:57:42.015 writePoints: 0.000000
2020-03-14 23:57:42.016 writePoints: 7.071678
2020-03-14 23:57:42.016 writePoints: Point:
2020-03-14 23:57:42.016 writePoints: 11.117977
2020-03-14 23:57:42.016 writePoints: 11.117977
2020-03-14 23:57:42.016 writePoints: 7.071678
2020-03-14 23:57:42.017 writePoints: Point:
2020-03-14 23:57:42.017 writePoints: 0.000000
2020-03-14 23:57:42.017 writePoints: 11.117977
2020-03-14 23:57:42.017 writePoints: 7.071678
2020-03-14 23:57:42.017 writePoints: Point:
2020-03-14 23:57:42.018 writePoints: -11.117977
2020-03-14 23:57:42.018 writePoints: 11.117977
2020-03-14 23:57:42.018 writePoints: 7.071678
2020-03-14 23:57:42.018 writePoints: Point:
2020-03-14 23:57:42.018 writePoints: -11.117977
2020-03-14 23:57:42.018 writePoints: 0.000000
2020-03-14 23:57:42.019 writePoints: 7.071678
2020-03-14 23:57:42.019 writePoints: Point:
2020-03-14 23:57:42.019 writePoints: -11.117977
2020-03-14 23:57:42.019 writePoints: -11.117977
2020-03-14 23:57:42.019 writePoints: 7.071678
2020-03-14 23:57:42.020 writePoints: Point:
2020-03-14 23:57:42.020 writePoints: 0.000000
2020-03-14 23:57:42.020 writePoints: -11.117977
2020-03-14 23:57:42.020 writePoints: 7.071678
2020-03-14 23:57:42.020 writePoints: Point:
2020-03-14 23:57:42.020 writePoints: 0.000000
2020-03-14 23:57:42.021 writePoints: 0.000000
2020-03-14 23:57:42.021 writePoints: 7.071678
2020-03-14 23:57:42.021 writePoints: Point:
2020-03-14 23:57:42.021 writePoints: 11.117977
2020-03-14 23:57:42.021 writePoints: 11.117977
2020-03-14 23:57:42.021 writePoints: -8.367977
2020-03-14 23:57:42.022 writePoints: Point:
2020-03-14 23:57:42.022 writePoints: 11.117977
2020-03-14 23:57:42.022 writePoints: 0.000000
2020-03-14 23:57:42.022 writePoints: -8.367977
2020-03-14 23:57:42.022 writePoints: Point:
2020-03-14 23:57:42.023 writePoints: 11.117977
2020-03-14 23:57:42.023 writePoints: -11.117977
2020-03-14 23:57:42.023 writePoints: -8.367977
2020-03-14 23:57:42.023 writePoints: Point:
2020-03-14 23:57:42.023 writePoints: 0.000000
2020-03-14 23:57:42.024 writePoints: -11.117977
2020-03-14 23:57:42.024 writePoints: -8.367977
2020-03-14 23:57:42.024 writePoints: Point:
2020-03-14 23:57:42.024 writePoints: -11.117977
2020-03-14 23:57:42.024 writePoints: -11.117977
2020-03-14 23:57:42.024 writePoints: -8.367977
2020-03-14 23:57:42.025 writePoints: Point:
2020-03-14 23:57:42.025 writePoints: -11.117977
2020-03-14 23:57:42.025 writePoints: 0.000000
2020-03-14 23:57:42.025 writePoints: -8.367977
2020-03-14 23:57:42.025 writePoints: Point:
2020-03-14 23:57:42.026 writePoints: -11.117977
2020-03-14 23:57:42.026 writePoints: 11.117977
2020-03-14 23:57:42.026 writePoints: -8.367977
2020-03-14 23:57:42.026 writePoints: Point:
2020-03-14 23:57:42.026 writePoints: 0.000000
2020-03-14 23:57:42.026 writePoints: 11.117977
2020-03-14 23:57:42.027 writePoints: -8.367977
2020-03-14 23:57:42.027 writePoints: Point:
2020-03-14 23:57:42.027 writePoints: 0.000000
2020-03-14 23:57:42.027 writePoints: 0.000000
2020-03-14 23:57:42.027 writePoints: -8.367977
2020-03-14 23:57:42.027 writePoints: Point:
2020-03-14 23:57:42.028 writePoints: -11.117977
2020-03-14 23:57:42.028 writePoints: -11.117977
2020-03-14 23:57:42.028 writePoints: -0.648150
2020-03-14 23:57:42.028 writePoints: Point:
2020-03-14 23:57:42.028 writePoints: 11.117977
2020-03-14 23:57:42.028 writePoints: -11.117977
2020-03-14 23:57:42.029 writePoints: -0.648150
2020-03-14 23:57:42.029 writePoints: Point:
2020-03-14 23:57:42.029 writePoints: 0.000000
2020-03-14 23:57:42.029 writePoints: -11.117977
2020-03-14 23:57:42.029 writePoints: -0.648150
2020-03-14 23:57:42.030 writePoints: Point:
2020-03-14 23:57:42.030 writePoints: -11.117977
2020-03-14 23:57:42.030 writePoints: 11.117977
2020-03-14 23:57:42.030 writePoints: -0.648150
2020-03-14 23:57:42.030 writePoints: Point:
2020-03-14 23:57:42.030 writePoints: -11.117977
2020-03-14 23:57:42.031 writePoints: 0.000000
2020-03-14 23:57:42.031 writePoints: -0.648150
2020-03-14 23:57:42.031 writePoints: Point:
2020-03-14 23:57:42.031 writePoints: 11.117977
2020-03-14 23:57:42.031 writePoints: 11.117977
2020-03-14 23:57:42.031 writePoints: -0.648150
2020-03-14 23:57:42.032 writePoints: Point:
2020-03-14 23:57:42.032 writePoints: 0.000000
2020-03-14 23:57:42.032 writePoints: 11.117977
2020-03-14 23:57:42.032 writePoints: -0.648150
2020-03-14 23:57:42.032 writePoints: Point:
2020-03-14 23:57:42.032 writePoints: 11.117977
2020-03-14 23:57:42.033 writePoints: 0.000000
2020-03-14 23:57:42.033 writePoints: -0.648150
2020-03-14 23:57:42.033 saveActiveMesh: The mesh is saved.
2020-03-14 23:57:45.034 PollingTheApp: 2
2020-03-14 23:57:45.034 saveActiveMesh: saveActiveMesh()
2020-03-14 23:57:45.034 saveActiveMesh: Testing the product...
2020-03-14 23:57:45.034 saveActiveMesh: Testing the design...
2020-03-14 23:57:45.035 saveActiveMesh: Testing the root component...
2020-03-14 23:57:45.035 saveActiveMesh: Testing the mesh collection...
2020-03-14 23:57:45.036 saveActiveMesh: Writing meshes...
2020-03-14 23:57:45.036 saveActiveMesh: The mesh 0: MeshBody1

2020-03-14 23:57:45.036 writeMeshBody: Looking for the PolygonMesh...
2020-03-14 23:57:45.036 writePoints: Point:
2020-03-14 23:57:45.036 writePoints: 11.117977
2020-03-14 23:57:45.037 writePoints: -11.117977
2020-03-14 23:57:45.037 writePoints: 7.071678
2020-03-14 23:57:45.037 writePoints: Point:
2020-03-14 23:57:45.037 writePoints: 11.117977
2020-03-14 23:57:45.037 writePoints: 0.000000
2020-03-14 23:57:45.038 writePoints: 7.071678
2020-03-14 23:57:45.038 writePoints: Point:
2020-03-14 23:57:45.038 writePoints: 11.117977
2020-03-14 23:57:45.038 writePoints: 11.117977
2020-03-14 23:57:45.038 writePoints: 7.071678
2020-03-14 23:57:45.038 writePoints: Point:
2020-03-14 23:57:45.039 writePoints: 0.000000
2020-03-14 23:57:45.039 writePoints: 11.117977
2020-03-14 23:57:45.039 writePoints: 7.071678
2020-03-14 23:57:45.039 writePoints: Point:
2020-03-14 23:57:45.039 writePoints: -11.117977
2020-03-14 23:57:45.040 writePoints: 11.117977
2020-03-14 23:57:45.040 writePoints: 7.071678
2020-03-14 23:57:45.040 writePoints: Point:
2020-03-14 23:57:45.040 writePoints: -11.117977
2020-03-14 23:57:45.040 writePoints: 0.000000
2020-03-14 23:57:45.041 writePoints: 7.071678
2020-03-14 23:57:45.041 writePoints: Point:
2020-03-14 23:57:45.041 writePoints: -11.117977
2020-03-14 23:57:45.041 writePoints: -11.117977
2020-03-14 23:57:45.041 writePoints: 7.071678
2020-03-14 23:57:45.042 writePoints: Point:
2020-03-14 23:57:45.042 writePoints: 0.000000
2020-03-14 23:57:45.042 writePoints: -11.117977
2020-03-14 23:57:45.042 writePoints: 7.071678
2020-03-14 23:57:45.042 writePoints: Point:
2020-03-14 23:57:45.042 writePoints: 0.000000
2020-03-14 23:57:45.043 writePoints: 0.000000
2020-03-14 23:57:45.043 writePoints: 7.071678
2020-03-14 23:57:45.043 writePoints: Point:
2020-03-14 23:57:45.044 writePoints: 11.117977
2020-03-14 23:57:45.044 writePoints: 11.117977
2020-03-14 23:57:45.044 writePoints: -8.367977
2020-03-14 23:57:45.044 writePoints: Point:
2020-03-14 23:57:45.044 writePoints: 11.117977
2020-03-14 23:57:45.044 writePoints: 0.000000
2020-03-14 23:57:45.045 writePoints: -8.367977
2020-03-14 23:57:45.045 writePoints: Point:
2020-03-14 23:57:45.045 writePoints: 11.117977
2020-03-14 23:57:45.045 writePoints: -11.117977
2020-03-14 23:57:45.045 writePoints: -8.367977
2020-03-14 23:57:45.046 writePoints: Point:
2020-03-14 23:57:45.046 writePoints: 0.000000
2020-03-14 23:57:45.046 writePoints: -11.117977
2020-03-14 23:57:45.046 writePoints: -8.367977
2020-03-14 23:57:45.046 writePoints: Point:
2020-03-14 23:57:45.046 writePoints: -11.117977
2020-03-14 23:57:45.047 writePoints: -11.117977
2020-03-14 23:57:45.047 writePoints: -8.367977
2020-03-14 23:57:45.047 writePoints: Point:
2020-03-14 23:57:45.047 writePoints: -11.117977
2020-03-14 23:57:45.048 writePoints: 0.000000
2020-03-14 23:57:45.048 writePoints: -8.367977
2020-03-14 23:57:45.048 writePoints: Point:
2020-03-14 23:57:45.048 writePoints: -11.117977
2020-03-14 23:57:45.049 writePoints: 11.117977
2020-03-14 23:57:45.049 writePoints: -8.367977
2020-03-14 23:57:45.049 writePoints: Point:
2020-03-14 23:57:45.049 writePoints: 0.000000
2020-03-14 23:57:45.049 writePoints: 11.117977
2020-03-14 23:57:45.050 writePoints: -8.367977
2020-03-14 23:57:45.050 writePoints: Point:
2020-03-14 23:57:45.050 writePoints: 0.000000
2020-03-14 23:57:45.050 writePoints: 0.000000
2020-03-14 23:57:45.050 writePoints: -8.367977
2020-03-14 23:57:45.050 writePoints: Point:
2020-03-14 23:57:45.051 writePoints: -11.117977
2020-03-14 23:57:45.051 writePoints: -11.117977
2020-03-14 23:57:45.051 writePoints: -0.648150
2020-03-14 23:57:45.051 writePoints: Point:
2020-03-14 23:57:45.051 writePoints: 11.117977
2020-03-14 23:57:45.051 writePoints: -11.117977
2020-03-14 23:57:45.052 writePoints: -0.648150
2020-03-14 23:57:45.052 writePoints: Point:
2020-03-14 23:57:45.052 writePoints: 0.000000
2020-03-14 23:57:45.052 writePoints: -11.117977
2020-03-14 23:57:45.052 writePoints: -0.648150
2020-03-14 23:57:45.053 writePoints: Point:
2020-03-14 23:57:45.053 writePoints: -11.117977
2020-03-14 23:57:45.053 writePoints: 11.117977
2020-03-14 23:57:45.053 writePoints: -0.648150
2020-03-14 23:57:45.053 writePoints: Point:
2020-03-14 23:57:45.054 writePoints: -11.117977
2020-03-14 23:57:45.054 writePoints: 0.000000
2020-03-14 23:57:45.054 writePoints: -0.648150
2020-03-14 23:57:45.054 writePoints: Point:
2020-03-14 23:57:45.054 writePoints: 11.117977
2020-03-14 23:57:45.054 writePoints: 11.117977
2020-03-14 23:57:45.055 writePoints: -0.648150
2020-03-14 23:57:45.055 writePoints: Point:
2020-03-14 23:57:45.055 writePoints: 0.000000
2020-03-14 23:57:45.055 writePoints: 11.117977
2020-03-14 23:57:45.055 writePoints: -0.648150
2020-03-14 23:57:45.056 writePoints: Point:
2020-03-14 23:57:45.056 writePoints: 11.117977
2020-03-14 23:57:45.056 writePoints: 0.000000
2020-03-14 23:57:45.056 writePoints: -0.648150
2020-03-14 23:57:45.056 saveActiveMesh: The mesh is saved.
2020-03-14 23:57:48.056 PollingTheApp: 3
2020-03-14 23:57:48.056 saveActiveMesh: saveActiveMesh()
2020-03-14 23:57:48.056 saveActiveMesh: Testing the product...
2020-03-14 23:57:48.056 saveActiveMesh: Testing the design...
2020-03-14 23:57:48.057 saveActiveMesh: Testing the root component...
2020-03-14 23:57:48.057 saveActiveMesh: Testing the mesh collection...
2020-03-14 23:57:48.057 saveActiveMesh: Writing meshes...
2020-03-14 23:57:48.057 saveActiveMesh: The mesh 0: MeshBody1

2020-03-14 23:57:48.057 writeMeshBody: Looking for the PolygonMesh...
2020-03-14 23:57:48.057 writePoints: Point:
2020-03-14 23:57:48.057 writePoints: 11.117977
2020-03-14 23:57:48.058 writePoints: -11.117977
2020-03-14 23:57:48.058 writePoints: 7.071678
2020-03-14 23:57:48.058 writePoints: Point:
2020-03-14 23:57:48.058 writePoints: 11.117977
2020-03-14 23:57:48.058 writePoints: 0.000000
2020-03-14 23:57:48.058 writePoints: 7.071678
2020-03-14 23:57:48.058 writePoints: Point:
2020-03-14 23:57:48.059 writePoints: 11.117977
2020-03-14 23:57:48.059 writePoints: 11.117977
2020-03-14 23:57:48.059 writePoints: 7.071678
2020-03-14 23:57:48.059 writePoints: Point:
2020-03-14 23:57:48.059 writePoints: 0.000000
2020-03-14 23:57:48.059 writePoints: 11.117977
2020-03-14 23:57:48.059 writePoints: 7.071678
2020-03-14 23:57:48.060 writePoints: Point:
2020-03-14 23:57:48.060 writePoints: -11.117977
2020-03-14 23:57:48.060 writePoints: 11.117977
2020-03-14 23:57:48.060 writePoints: 7.071678
2020-03-14 23:57:48.060 writePoints: Point:
2020-03-14 23:57:48.061 writePoints: -11.117977
2020-03-14 23:57:48.061 writePoints: 0.000000
2020-03-14 23:57:48.061 writePoints: 7.071678
2020-03-14 23:57:48.061 writePoints: Point:
2020-03-14 23:57:48.061 writePoints: -11.117977
2020-03-14 23:57:48.061 writePoints: -11.117977
2020-03-14 23:57:48.061 writePoints: 7.071678
2020-03-14 23:57:48.062 writePoints: Point:
2020-03-14 23:57:48.062 writePoints: 0.000000
2020-03-14 23:57:48.062 writePoints: -11.117977
2020-03-14 23:57:48.062 writePoints: 7.071678
2020-03-14 23:57:48.062 writePoints: Point:
2020-03-14 23:57:48.062 writePoints: 0.000000
2020-03-14 23:57:48.062 writePoints: 0.000000
2020-03-14 23:57:48.063 writePoints: 7.071678
2020-03-14 23:57:48.063 writePoints: Point:
2020-03-14 23:57:48.063 writePoints: 11.117977
2020-03-14 23:57:48.063 writePoints: 11.117977
2020-03-14 23:57:48.063 writePoints: -8.367977
2020-03-14 23:57:48.063 writePoints: Point:
2020-03-14 23:57:48.063 writePoints: 11.117977
2020-03-14 23:57:48.064 writePoints: 0.000000
2020-03-14 23:57:48.064 writePoints: -8.367977
2020-03-14 23:57:48.064 writePoints: Point:
2020-03-14 23:57:48.064 writePoints: 11.117977
2020-03-14 23:57:48.064 writePoints: -11.117977
2020-03-14 23:57:48.064 writePoints: -8.367977
2020-03-14 23:57:48.064 writePoints: Point:
2020-03-14 23:57:48.064 writePoints: 0.000000
2020-03-14 23:57:48.065 writePoints: -11.117977
2020-03-14 23:57:48.065 writePoints: -8.367977
2020-03-14 23:57:48.065 writePoints: Point:
2020-03-14 23:57:48.065 writePoints: -11.117977
2020-03-14 23:57:48.065 writePoints: -11.117977
2020-03-14 23:57:48.065 writePoints: -8.367977
2020-03-14 23:57:48.065 writePoints: Point:
2020-03-14 23:57:48.066 writePoints: -11.117977
2020-03-14 23:57:48.066 writePoints: 0.000000
2020-03-14 23:57:48.066 writePoints: -8.367977
2020-03-14 23:57:48.066 writePoints: Point:
2020-03-14 23:57:48.066 writePoints: -11.117977
2020-03-14 23:57:48.066 writePoints: 11.117977
2020-03-14 23:57:48.066 writePoints: -8.367977
2020-03-14 23:57:48.067 writePoints: Point:
2020-03-14 23:57:48.067 writePoints: 0.000000
2020-03-14 23:57:48.067 writePoints: 11.117977
2020-03-14 23:57:48.067 writePoints: -8.367977
2020-03-14 23:57:48.067 writePoints: Point:
2020-03-14 23:57:48.067 writePoints: 0.000000
2020-03-14 23:57:48.068 writePoints: 0.000000
2020-03-14 23:57:48.068 writePoints: -8.367977
2020-03-14 23:57:48.068 writePoints: Point:
2020-03-14 23:57:48.068 writePoints: -11.117977
2020-03-14 23:57:48.068 writePoints: -11.117977
2020-03-14 23:57:48.068 writePoints: -0.648150
2020-03-14 23:57:48.069 writePoints: Point:
2020-03-14 23:57:48.069 writePoints: 11.117977
2020-03-14 23:57:48.069 writePoints: -11.117977
2020-03-14 23:57:48.069 writePoints: -0.648150
2020-03-14 23:57:48.069 writePoints: Point:
2020-03-14 23:57:48.069 writePoints: 0.000000
2020-03-14 23:57:48.069 writePoints: -11.117977
2020-03-14 23:57:48.070 writePoints: -0.648150
2020-03-14 23:57:48.070 writePoints: Point:
2020-03-14 23:57:48.070 writePoints: -11.117977
2020-03-14 23:57:48.070 writePoints: 11.117977
2020-03-14 23:57:48.070 writePoints: -0.648150
2020-03-14 23:57:48.070 writePoints: Point:
2020-03-14 23:57:48.071 writePoints: -11.117977
2020-03-14 23:57:48.071 writePoints: 0.000000
2020-03-14 23:57:48.071 writePoints: -0.648150
2020-03-14 23:57:48.071 writePoints: Point:
2020-03-14 23:57:48.071 writePoints: 11.117977
2020-03-14 23:57:48.071 writePoints: 11.117977
2020-03-14 23:57:48.071 writePoints: -0.648150
2020-03-14 23:57:48.072 writePoints: Point:
2020-03-14 23:57:48.072 writePoints: 0.000000
2020-03-14 23:57:48.072 writePoints: 11.117977
2020-03-14 23:57:48.072 writePoints: -0.648150
2020-03-14 23:57:48.072 writePoints: Point:
2020-03-14 23:57:48.072 writePoints: 11.117977
2020-03-14 23:57:48.072 writePoints: 0.000000
2020-03-14 23:57:48.073 writePoints: -0.648150
2020-03-14 23:57:48.073 saveActiveMesh: The mesh is saved.
2020-03-14 23:57:51.073 PollingTheApp: 4
2020-03-14 23:57:51.073 saveActiveMesh: saveActiveMesh()
2020-03-14 23:57:51.073 saveActiveMesh: Testing the product...
2020-03-14 23:57:51.073 saveActiveMesh: Testing the design...
2020-03-14 23:57:51.073 saveActiveMesh: Testing the root component...
2020-03-14 23:57:51.074 saveActiveMesh: Testing the mesh collection...
2020-03-14 23:57:51.074 saveActiveMesh: Writing meshes...
2020-03-14 23:57:51.074 saveActiveMesh: The mesh 0: MeshBody1

2020-03-14 23:57:51.074 writeMeshBody: Looking for the PolygonMesh...
2020-03-14 23:57:51.074 writePoints: Point:
2020-03-14 23:57:51.074 writePoints: 11.117977
2020-03-14 23:57:51.075 writePoints: -11.117977
2020-03-14 23:57:51.075 writePoints: 7.071678
2020-03-14 23:57:51.075 writePoints: Point:
2020-03-14 23:57:51.075 writePoints: 11.117977
2020-03-14 23:57:51.075 writePoints: 0.000000
2020-03-14 23:57:51.075 writePoints: 7.071678
2020-03-14 23:57:51.075 writePoints: Point:
2020-03-14 23:57:51.076 writePoints: 11.117977
2020-03-14 23:57:51.076 writePoints: 11.117977
2020-03-14 23:57:51.076 writePoints: 7.071678
2020-03-14 23:57:51.076 writePoints: Point:
2020-03-14 23:57:51.076 writePoints: 0.000000
2020-03-14 23:57:51.076 writePoints: 11.117977
2020-03-14 23:57:51.076 writePoints: 7.071678
2020-03-14 23:57:51.077 writePoints: Point:
2020-03-14 23:57:51.077 writePoints: -11.117977
2020-03-14 23:57:51.077 writePoints: 11.117977
2020-03-14 23:57:51.077 writePoints: 7.071678
2020-03-14 23:57:51.077 writePoints: Point:
2020-03-14 23:57:51.077 writePoints: -11.117977
2020-03-14 23:57:51.077 writePoints: 0.000000
2020-03-14 23:57:51.078 writePoints: 7.071678
2020-03-14 23:57:51.078 writePoints: Point:
2020-03-14 23:57:51.078 writePoints: -11.117977
2020-03-14 23:57:51.078 writePoints: -11.117977
2020-03-14 23:57:51.078 writePoints: 7.071678
2020-03-14 23:57:51.078 writePoints: Point:
2020-03-14 23:57:51.078 writePoints: 0.000000
2020-03-14 23:57:51.079 writePoints: -11.117977
2020-03-14 23:57:51.079 writePoints: 7.071678
2020-03-14 23:57:51.079 writePoints: Point:
2020-03-14 23:57:51.079 writePoints: 0.000000
2020-03-14 23:57:51.079 writePoints: 0.000000
2020-03-14 23:57:51.079 writePoints: 7.071678
2020-03-14 23:57:51.080 writePoints: Point:
2020-03-14 23:57:51.080 writePoints: 11.117977
2020-03-14 23:57:51.080 writePoints: 11.117977
2020-03-14 23:57:51.080 writePoints: -8.367977
2020-03-14 23:57:51.080 writePoints: Point:
2020-03-14 23:57:51.080 writePoints: 11.117977
2020-03-14 23:57:51.080 writePoints: 0.000000
2020-03-14 23:57:51.081 writePoints: -8.367977
2020-03-14 23:57:51.081 writePoints: Point:
2020-03-14 23:57:51.081 writePoints: 11.117977
2020-03-14 23:57:51.081 writePoints: -11.117977
2020-03-14 23:57:51.081 writePoints: -8.367977
2020-03-14 23:57:51.081 writePoints: Point:
2020-03-14 23:57:51.081 writePoints: 0.000000
2020-03-14 23:57:51.082 writePoints: -11.117977
2020-03-14 23:57:51.082 writePoints: -8.367977
2020-03-14 23:57:51.082 writePoints: Point:
2020-03-14 23:57:51.082 writePoints: -11.117977
2020-03-14 23:57:51.082 writePoints: -11.117977
2020-03-14 23:57:51.082 writePoints: -8.367977
2020-03-14 23:57:51.083 writePoints: Point:
2020-03-14 23:57:51.083 writePoints: -11.117977
2020-03-14 23:57:51.083 writePoints: 0.000000
2020-03-14 23:57:51.083 writePoints: -8.367977
2020-03-14 23:57:51.083 writePoints: Point:
2020-03-14 23:57:51.083 writePoints: -11.117977
2020-03-14 23:57:51.083 writePoints: 11.117977
2020-03-14 23:57:51.084 writePoints: -8.367977
2020-03-14 23:57:51.084 writePoints: Point:
2020-03-14 23:57:51.084 writePoints: 0.000000
2020-03-14 23:57:51.084 writePoints: 11.117977
2020-03-14 23:57:51.084 writePoints: -8.367977
2020-03-14 23:57:51.085 writePoints: Point:
2020-03-14 23:57:51.085 writePoints: 0.000000
2020-03-14 23:57:51.085 writePoints: 0.000000
2020-03-14 23:57:51.085 writePoints: -8.367977
2020-03-14 23:57:51.085 writePoints: Point:
2020-03-14 23:57:51.085 writePoints: -11.117977
2020-03-14 23:57:51.085 writePoints: -11.117977
2020-03-14 23:57:51.086 writePoints: -0.648150
2020-03-14 23:57:51.086 writePoints: Point:
2020-03-14 23:57:51.086 writePoints: 11.117977
2020-03-14 23:57:51.086 writePoints: -11.117977
2020-03-14 23:57:51.086 writePoints: -0.648150
2020-03-14 23:57:51.086 writePoints: Point:
2020-03-14 23:57:51.086 writePoints: 0.000000
2020-03-14 23:57:51.089 writePoints: -11.117977
2020-03-14 23:57:51.089 writePoints: -0.648150
2020-03-14 23:57:51.089 writePoints: Point:
2020-03-14 23:57:51.090 writePoints: -11.117977
2020-03-14 23:57:51.090 writePoints: 11.117977
2020-03-14 23:57:51.090 writePoints: -0.648150
2020-03-14 23:57:51.090 writePoints: Point:
2020-03-14 23:57:51.091 writePoints: -11.117977
2020-03-14 23:57:51.091 writePoints: 0.000000
2020-03-14 23:57:51.091 writePoints: -0.648150
2020-03-14 23:57:51.091 writePoints: Point:
2020-03-14 23:57:51.092 writePoints: 11.117977
2020-03-14 23:57:51.092 writePoints: 11.117977
2020-03-14 23:57:51.092 writePoints: -0.648150
2020-03-14 23:57:51.092 writePoints: Point:
2020-03-14 23:57:51.092 writePoints: 0.000000
2020-03-14 23:57:51.092 writePoints: 11.117977
2020-03-14 23:57:51.093 writePoints: -0.648150
2020-03-14 23:57:51.093 writePoints: Point:
2020-03-14 23:57:51.093 writePoints: 11.117977
2020-03-14 23:57:51.093 writePoints: 0.000000
2020-03-14 23:57:51.093 writePoints: -0.648150
2020-03-14 23:57:51.093 saveActiveMesh: The mesh is saved.
2020-03-14 23:57:54.094 PollingTheApp: 5
2020-03-14 23:57:54.094 saveActiveMesh: saveActiveMesh()
2020-03-14 23:57:54.094 saveActiveMesh: Testing the product...
2020-03-14 23:57:54.094 saveActiveMesh: Testing the design...
2020-03-14 23:57:54.094 saveActiveMesh: Testing the root component...
2020-03-14 23:57:54.095 saveActiveMesh: Testing the mesh collection...
2020-03-14 23:57:54.095 saveActiveMesh: Writing meshes...
2020-03-14 23:57:54.095 saveActiveMesh: The mesh 0: MeshBody1

2020-03-14 23:57:54.095 writeMeshBody: Looking for the PolygonMesh...
2020-03-14 23:57:54.095 writePoints: Point:
2020-03-14 23:57:54.095 writePoints: 11.117977
2020-03-14 23:57:54.096 writePoints: -11.117977
2020-03-14 23:57:54.096 writePoints: 7.071678
2020-03-14 23:57:54.096 writePoints: Point:
2020-03-14 23:57:54.096 writePoints: 11.117977
2020-03-14 23:57:54.096 writePoints: 0.000000
2020-03-14 23:57:54.096 writePoints: 7.071678
2020-03-14 23:57:54.096 writePoints: Point:
2020-03-14 23:57:54.097 writePoints: 11.117977
2020-03-14 23:57:54.097 writePoints: 11.117977
2020-03-14 23:57:54.097 writePoints: 7.071678
2020-03-14 23:57:54.097 writePoints: Point:
2020-03-14 23:57:54.097 writePoints: 0.000000
2020-03-14 23:57:54.097 writePoints: 11.117977
2020-03-14 23:57:54.097 writePoints: 7.071678
2020-03-14 23:57:54.098 writePoints: Point:
2020-03-14 23:57:54.098 writePoints: -11.117977
2020-03-14 23:57:54.098 writePoints: 11.117977
2020-03-14 23:57:54.098 writePoints: 7.071678
2020-03-14 23:57:54.098 writePoints: Point:
2020-03-14 23:57:54.098 writePoints: -11.117977
2020-03-14 23:57:54.098 writePoints: 0.000000
2020-03-14 23:57:54.099 writePoints: 7.071678
2020-03-14 23:57:54.099 writePoints: Point:
2020-03-14 23:57:54.099 writePoints: -11.117977
2020-03-14 23:57:54.099 writePoints: -11.117977
2020-03-14 23:57:54.099 writePoints: 7.071678
2020-03-14 23:57:54.099 writePoints: Point:
2020-03-14 23:57:54.100 writePoints: 0.000000
2020-03-14 23:57:54.100 writePoints: -11.117977
2020-03-14 23:57:54.100 writePoints: 7.071678
2020-03-14 23:57:54.100 writePoints: Point:
2020-03-14 23:57:54.100 writePoints: 0.000000
2020-03-14 23:57:54.100 writePoints: 0.000000
2020-03-14 23:57:54.100 writePoints: 7.071678
2020-03-14 23:57:54.101 writePoints: Point:
2020-03-14 23:57:54.101 writePoints: 11.117977
2020-03-14 23:57:54.101 writePoints: 11.117977
2020-03-14 23:57:54.101 writePoints: -8.367977
2020-03-14 23:57:54.101 writePoints: Point:
2020-03-14 23:57:54.102 writePoints: 11.117977
2020-03-14 23:57:54.102 writePoints: 0.000000
2020-03-14 23:57:54.102 writePoints: -8.367977
2020-03-14 23:57:54.102 writePoints: Point:
2020-03-14 23:57:54.102 writePoints: 11.117977
2020-03-14 23:57:54.102 writePoints: -11.117977
2020-03-14 23:57:54.102 writePoints: -8.367977
2020-03-14 23:57:54.103 writePoints: Point:
2020-03-14 23:57:54.103 writePoints: 0.000000
2020-03-14 23:57:54.103 writePoints: -11.117977
2020-03-14 23:57:54.103 writePoints: -8.367977
2020-03-14 23:57:54.103 writePoints: Point:
2020-03-14 23:57:54.103 writePoints: -11.117977
2020-03-14 23:57:54.104 writePoints: -11.117977
2020-03-14 23:57:54.104 writePoints: -8.367977
2020-03-14 23:57:54.104 writePoints: Point:
2020-03-14 23:57:54.104 writePoints: -11.117977
2020-03-14 23:57:54.104 writePoints: 0.000000
2020-03-14 23:57:54.104 writePoints: -8.367977
2020-03-14 23:57:54.104 writePoints: Point:
2020-03-14 23:57:54.105 writePoints: -11.117977
2020-03-14 23:57:54.105 writePoints: 11.117977
2020-03-14 23:57:54.105 writePoints: -8.367977
2020-03-14 23:57:54.105 writePoints: Point:
2020-03-14 23:57:54.105 writePoints: 0.000000
2020-03-14 23:57:54.105 writePoints: 11.117977
2020-03-14 23:57:54.105 writePoints: -8.367977
2020-03-14 23:57:54.106 writePoints: Point:
2020-03-14 23:57:54.106 writePoints: 0.000000
2020-03-14 23:57:54.106 writePoints: 0.000000
2020-03-14 23:57:54.106 writePoints: -8.367977
2020-03-14 23:57:54.106 writePoints: Point:
2020-03-14 23:57:54.106 writePoints: -11.117977
2020-03-14 23:57:54.106 writePoints: -11.117977
2020-03-14 23:57:54.107 writePoints: -0.648150
2020-03-14 23:57:54.107 writePoints: Point:
2020-03-14 23:57:54.107 writePoints: 11.117977
2020-03-14 23:57:54.108 writePoints: -11.117977
2020-03-14 23:57:54.108 writePoints: -0.648150
2020-03-14 23:57:54.108 writePoints: Point:
2020-03-14 23:57:54.108 writePoints: 0.000000
2020-03-14 23:57:54.108 writePoints: -11.117977
2020-03-14 23:57:54.108 writePoints: -0.648150
2020-03-14 23:57:54.109 writePoints: Point:
2020-03-14 23:57:54.109 writePoints: -11.117977
2020-03-14 23:57:54.109 writePoints: 11.117977
2020-03-14 23:57:54.109 writePoints: -0.648150
2020-03-14 23:57:54.109 writePoints: Point:
2020-03-14 23:57:54.110 writePoints: -11.117977
2020-03-14 23:57:54.110 writePoints: 0.000000
2020-03-14 23:57:54.110 writePoints: -0.648150
2020-03-14 23:57:54.110 writePoints: Point:
2020-03-14 23:57:54.110 writePoints: 11.117977
2020-03-14 23:57:54.110 writePoints: 11.117977
2020-03-14 23:57:54.110 writePoints: -0.648150
2020-03-14 23:57:54.111 writePoints: Point:
2020-03-14 23:57:54.111 writePoints: 0.000000
2020-03-14 23:57:54.111 writePoints: 11.117977
2020-03-14 23:57:54.111 writePoints: -0.648150
2020-03-14 23:57:54.111 writePoints: Point:
2020-03-14 23:57:54.112 writePoints: 11.117977
2020-03-14 23:57:54.112 writePoints: 0.000000
2020-03-14 23:57:54.112 writePoints: -0.648150
2020-03-14 23:57:54.112 saveActiveMesh: The mesh is saved.
2020-03-14 23:57:57.112 PollingTheApp: 6
2020-03-14 23:57:57.112 saveActiveMesh: saveActiveMesh()
2020-03-14 23:57:57.112 saveActiveMesh: Testing the product...
2020-03-14 23:57:57.112 saveActiveMesh: Testing the design...
2020-03-14 23:57:57.112 saveActiveMesh: Testing the root component...
2020-03-14 23:57:57.113 saveActiveMesh: Testing the mesh collection...
2020-03-14 23:57:57.113 saveActiveMesh: Writing meshes...
2020-03-14 23:57:57.113 saveActiveMesh: The mesh 0: MeshBody1

2020-03-14 23:57:57.113 writeMeshBody: Looking for the PolygonMesh...
2020-03-14 23:57:57.113 writePoints: Point:
2020-03-14 23:57:57.113 writePoints: 11.117977
2020-03-14 23:57:57.114 writePoints: -11.117977
2020-03-14 23:57:57.114 writePoints: 7.071678
2020-03-14 23:57:57.114 writePoints: Point:
2020-03-14 23:57:57.114 writePoints: 11.117977
2020-03-14 23:57:57.114 writePoints: 0.000000
2020-03-14 23:57:57.114 writePoints: 7.071678
2020-03-14 23:57:57.115 writePoints: Point:
2020-03-14 23:57:57.115 writePoints: 11.117977
2020-03-14 23:57:57.115 writePoints: 11.117977
2020-03-14 23:57:57.115 writePoints: 7.071678
2020-03-14 23:57:57.115 writePoints: Point:
2020-03-14 23:57:57.115 writePoints: 0.000000
2020-03-14 23:57:57.115 writePoints: 11.117977
2020-03-14 23:57:57.116 writePoints: 7.071678
2020-03-14 23:57:57.116 writePoints: Point:
2020-03-14 23:57:57.116 writePoints: -11.117977
2020-03-14 23:57:57.116 writePoints: 11.117977
2020-03-14 23:57:57.116 writePoints: 7.071678
2020-03-14 23:57:57.116 writePoints: Point:
2020-03-14 23:57:57.116 writePoints: -11.117977
2020-03-14 23:57:57.117 writePoints: 0.000000
2020-03-14 23:57:57.117 writePoints: 7.071678
2020-03-14 23:57:57.117 writePoints: Point:
2020-03-14 23:57:57.117 writePoints: -11.117977
2020-03-14 23:57:57.117 writePoints: -11.117977
2020-03-14 23:57:57.118 writePoints: 7.071678
2020-03-14 23:57:57.118 writePoints: Point:
2020-03-14 23:57:57.118 writePoints: 0.000000
2020-03-14 23:57:57.118 writePoints: -11.117977
2020-03-14 23:57:57.118 writePoints: 7.071678
2020-03-14 23:57:57.118 writePoints: Point:
2020-03-14 23:57:57.118 writePoints: 0.000000
2020-03-14 23:57:57.119 writePoints: 0.000000
2020-03-14 23:57:57.119 writePoints: 7.071678
2020-03-14 23:57:57.119 writePoints: Point:
2020-03-14 23:57:57.119 writePoints: 11.117977
2020-03-14 23:57:57.119 writePoints: 11.117977
2020-03-14 23:57:57.119 writePoints: -8.367977
2020-03-14 23:57:57.119 writePoints: Point:
2020-03-14 23:57:57.120 writePoints: 11.117977
2020-03-14 23:57:57.120 writePoints: 0.000000
2020-03-14 23:57:57.120 writePoints: -8.367977
2020-03-14 23:57:57.120 writePoints: Point:
2020-03-14 23:57:57.120 writePoints: 11.117977
2020-03-14 23:57:57.120 writePoints: -11.117977
2020-03-14 23:57:57.120 writePoints: -8.367977
2020-03-14 23:57:57.121 writePoints: Point:
2020-03-14 23:57:57.121 writePoints: 0.000000
2020-03-14 23:57:57.121 writePoints: -11.117977
2020-03-14 23:57:57.121 writePoints: -8.367977
2020-03-14 23:57:57.121 writePoints: Point:
2020-03-14 23:57:57.121 writePoints: -11.117977
2020-03-14 23:57:57.121 writePoints: -11.117977
2020-03-14 23:57:57.122 writePoints: -8.367977
2020-03-14 23:57:57.122 writePoints: Point:
2020-03-14 23:57:57.123 writePoints: -11.117977
2020-03-14 23:57:57.123 writePoints: 0.000000
2020-03-14 23:57:57.123 writePoints: -8.367977
2020-03-14 23:57:57.123 writePoints: Point:
2020-03-14 23:57:57.123 writePoints: -11.117977
2020-03-14 23:57:57.123 writePoints: 11.117977
2020-03-14 23:57:57.123 writePoints: -8.367977
2020-03-14 23:57:57.124 writePoints: Point:
2020-03-14 23:57:57.124 writePoints: 0.000000
2020-03-14 23:57:57.124 writePoints: 11.117977
2020-03-14 23:57:57.124 writePoints: -8.367977
2020-03-14 23:57:57.124 writePoints: Point:
2020-03-14 23:57:57.124 writePoints: 0.000000
2020-03-14 23:57:57.125 writePoints: 0.000000
2020-03-14 23:57:57.125 writePoints: -8.367977
2020-03-14 23:57:57.125 writePoints: Point:
2020-03-14 23:57:57.125 writePoints: -11.117977
2020-03-14 23:57:57.125 writePoints: -11.117977
2020-03-14 23:57:57.125 writePoints: -0.648150
2020-03-14 23:57:57.125 writePoints: Point:
2020-03-14 23:57:57.126 writePoints: 11.117977
2020-03-14 23:57:57.126 writePoints: -11.117977
2020-03-14 23:57:57.126 writePoints: -0.648150
2020-03-14 23:57:57.126 writePoints: Point:
2020-03-14 23:57:57.126 writePoints: 0.000000
2020-03-14 23:57:57.126 writePoints: -11.117977
2020-03-14 23:57:57.127 writePoints: -0.648150
2020-03-14 23:57:57.127 writePoints: Point:
2020-03-14 23:57:57.127 writePoints: -11.117977
2020-03-14 23:57:57.127 writePoints: 11.117977
2020-03-14 23:57:57.127 writePoints: -0.648150
2020-03-14 23:57:57.127 writePoints: Point:
2020-03-14 23:57:57.128 writePoints: -11.117977
2020-03-14 23:57:57.128 writePoints: 0.000000
2020-03-14 23:57:57.128 writePoints: -0.648150
2020-03-14 23:57:57.128 writePoints: Point:
2020-03-14 23:57:57.128 writePoints: 11.117977
2020-03-14 23:57:57.128 writePoints: 11.117977
2020-03-14 23:57:57.128 writePoints: -0.648150
2020-03-14 23:57:57.129 writePoints: Point:
2020-03-14 23:57:57.129 writePoints: 0.000000
2020-03-14 23:57:57.129 writePoints: 11.117977
2020-03-14 23:57:57.129 writePoints: -0.648150
2020-03-14 23:57:57.130 writePoints: Point:
2020-03-14 23:57:57.130 writePoints: 11.117977
2020-03-14 23:57:57.130 writePoints: 0.000000
2020-03-14 23:57:57.130 writePoints: -0.648150
2020-03-14 23:57:57.130 saveActiveMesh: The mesh is saved.
2020-03-14 23:58:0.130 PollingTheApp: 7
2020-03-14 23:58:0.130 saveActiveMesh: saveActiveMesh()
2020-03-14 23:58:0.140 saveActiveMesh: Testing the product...
2020-03-14 23:58:0.140 saveActiveMesh: Testing the design...
2020-03-14 23:58:0.140 saveActiveMesh: Testing the root component...
2020-03-14 23:58:0.140 saveActiveMesh: Testing the mesh collection...
2020-03-14 23:58:0.141 saveActiveMesh: Writing meshes...
2020-03-14 23:58:0.141 saveActiveMesh: The mesh 0: MeshBody1

2020-03-14 23:58:0.141 writeMeshBody: Looking for the PolygonMesh...
2020-03-14 23:58:0.141 writePoints: Point:
2020-03-14 23:58:0.141 writePoints: 11.117977
2020-03-14 23:58:0.141 writePoints: -11.117977
2020-03-14 23:58:0.142 writePoints: 7.071678
2020-03-14 23:58:0.142 writePoints: Point:
2020-03-14 23:58:0.142 writePoints: 11.117977
2020-03-14 23:58:0.142 writePoints: 0.000000
2020-03-14 23:58:0.142 writePoints: 7.071678
2020-03-14 23:58:0.143 writePoints: Point:
2020-03-14 23:58:0.143 writePoints: 11.117977
2020-03-14 23:58:0.143 writePoints: 11.117977
2020-03-14 23:58:0.143 writePoints: 7.071678
2020-03-14 23:58:0.143 writePoints: Point:
2020-03-14 23:58:0.144 writePoints: 0.000000
2020-03-14 23:58:0.144 writePoints: 11.117977
2020-03-14 23:58:0.144 writePoints: 7.071678
2020-03-14 23:58:0.145 writePoints: Point:
2020-03-14 23:58:0.146 writePoints: -11.117977
2020-03-14 23:58:0.146 writePoints: 11.117977
2020-03-14 23:58:0.146 writePoints: 7.071678
2020-03-14 23:58:0.146 writePoints: Point:
2020-03-14 23:58:0.146 writePoints: -11.117977
2020-03-14 23:58:0.146 writePoints: 0.000000
2020-03-14 23:58:0.147 writePoints: 7.071678
2020-03-14 23:58:0.147 writePoints: Point:
2020-03-14 23:58:0.147 writePoints: -11.117977
2020-03-14 23:58:0.147 writePoints: -11.117977
2020-03-14 23:58:0.147 writePoints: 7.071678
2020-03-14 23:58:0.148 writePoints: Point:
2020-03-14 23:58:0.148 writePoints: 0.000000
2020-03-14 23:58:0.148 writePoints: -11.117977
2020-03-14 23:58:0.148 writePoints: 7.071678
2020-03-14 23:58:0.148 writePoints: Point:
2020-03-14 23:58:0.148 writePoints: 0.000000
2020-03-14 23:58:0.149 writePoints: 0.000000
2020-03-14 23:58:0.149 writePoints: 7.071678
2020-03-14 23:58:0.149 writePoints: Point:
2020-03-14 23:58:0.149 writePoints: 11.117977
2020-03-14 23:58:0.149 writePoints: 11.117977
2020-03-14 23:58:0.150 writePoints: -8.367977
2020-03-14 23:58:0.150 writePoints: Point:
2020-03-14 23:58:0.150 writePoints: 11.117977
2020-03-14 23:58:0.150 writePoints: 0.000000
2020-03-14 23:58:0.150 writePoints: -8.367977
2020-03-14 23:58:0.150 writePoints: Point:
2020-03-14 23:58:0.151 writePoints: 11.117977
2020-03-14 23:58:0.151 writePoints: -11.117977
2020-03-14 23:58:0.151 writePoints: -8.367977
2020-03-14 23:58:0.151 writePoints: Point:
2020-03-14 23:58:0.151 writePoints: 0.000000
2020-03-14 23:58:0.152 writePoints: -11.117977
2020-03-14 23:58:0.152 writePoints: -8.367977
2020-03-14 23:58:0.153 writePoints: Point:
2020-03-14 23:58:0.153 writePoints: -11.117977
2020-03-14 23:58:0.153 writePoints: -11.117977
2020-03-14 23:58:0.153 writePoints: -8.367977
2020-03-14 23:58:0.154 writePoints: Point:
2020-03-14 23:58:0.154 writePoints: -11.117977
2020-03-14 23:58:0.154 writePoints: 0.000000
2020-03-14 23:58:0.154 writePoints: -8.367977
2020-03-14 23:58:0.154 writePoints: Point:
2020-03-14 23:58:0.154 writePoints: -11.117977
2020-03-14 23:58:0.155 writePoints: 11.117977
2020-03-14 23:58:0.155 writePoints: -8.367977
2020-03-14 23:58:0.155 writePoints: Point:
2020-03-14 23:58:0.155 writePoints: 0.000000
2020-03-14 23:58:0.155 writePoints: 11.117977
2020-03-14 23:58:0.156 writePoints: -8.367977
2020-03-14 23:58:0.156 writePoints: Point:
2020-03-14 23:58:0.156 writePoints: 0.000000
2020-03-14 23:58:0.156 writePoints: 0.000000
2020-03-14 23:58:0.156 writePoints: -8.367977
2020-03-14 23:58:0.157 writePoints: Point:
2020-03-14 23:58:0.157 writePoints: -11.117977
2020-03-14 23:58:0.157 writePoints: -11.117977
2020-03-14 23:58:0.157 writePoints: -0.648150
2020-03-14 23:58:0.157 writePoints: Point:
2020-03-14 23:58:0.157 writePoints: 11.117977
2020-03-14 23:58:0.158 writePoints: -11.117977
2020-03-14 23:58:0.158 writePoints: -0.648150
2020-03-14 23:58:0.158 writePoints: Point:
2020-03-14 23:58:0.158 writePoints: 0.000000
2020-03-14 23:58:0.158 writePoints: -11.117977
2020-03-14 23:58:0.159 writePoints: -0.648150
2020-03-14 23:58:0.159 writePoints: Point:
2020-03-14 23:58:0.159 writePoints: -11.117977
2020-03-14 23:58:0.159 writePoints: 11.117977
2020-03-14 23:58:0.159 writePoints: -0.648150
2020-03-14 23:58:0.160 writePoints: Point:
2020-03-14 23:58:0.160 writePoints: -11.117977
2020-03-14 23:58:0.160 writePoints: 0.000000
2020-03-14 23:58:0.160 writePoints: -0.648150
2020-03-14 23:58:0.160 writePoints: Point:
2020-03-14 23:58:0.160 writePoints: 11.117977
2020-03-14 23:58:0.161 writePoints: 11.117977
2020-03-14 23:58:0.161 writePoints: -0.648150
2020-03-14 23:58:0.161 writePoints: Point:
2020-03-14 23:58:0.161 writePoints: 0.000000
2020-03-14 23:58:0.161 writePoints: 11.117977
2020-03-14 23:58:0.162 writePoints: -0.648150
2020-03-14 23:58:0.162 writePoints: Point:
2020-03-14 23:58:0.162 writePoints: 11.117977
2020-03-14 23:58:0.162 writePoints: 0.000000
2020-03-14 23:58:0.162 writePoints: -0.648150
2020-03-14 23:58:0.163 saveActiveMesh: The mesh is saved.
2020-03-14 23:58:3.164 PollingTheApp: 8
2020-03-14 23:58:3.164 saveActiveMesh: saveActiveMesh()
2020-03-14 23:58:3.164 saveActiveMesh: Testing the product...
2020-03-14 23:58:3.164 saveActiveMesh: Testing the design...
2020-03-14 23:58:3.165 saveActiveMesh: Testing the root component...
2020-03-14 23:58:3.165 saveActiveMesh: Testing the mesh collection...
2020-03-14 23:58:3.165 saveActiveMesh: Writing meshes...
2020-03-14 23:58:3.165 saveActiveMesh: The mesh is saved.
2020-03-14 23:58:4.468 stop: SaveMesh stopped
2020-03-15 00:02:58.734 init: SaveMesh started
2020-03-15 00:02:58.735 PollingTheApp: Polling thread started
2020-03-15 00:02:58.735 PollingTheApp: 0
2020-03-15 00:02:58.735 saveActiveMesh: saveActiveMesh()
2020-03-15 00:02:58.736 saveActiveMesh: Testing the product...
2020-03-15 00:02:58.736 saveActiveMesh: Testing the design...
2020-03-15 00:02:58.736 saveActiveMesh: Testing the root component...
2020-03-15 00:02:58.736 saveActiveMesh: Testing the mesh collection...
2020-03-15 00:02:58.737 saveActiveMesh: Writing meshes...
2020-03-15 00:02:58.737 saveActiveMesh: The mesh 0: MeshBody1

2020-03-15 00:02:58.737 writeMeshBody: Looking for the PolygonMesh...
2020-03-15 00:02:58.738 writePoints: Point:
2020-03-15 00:02:58.738 writePoints: 11.117977
2020-03-15 00:02:58.738 writePoints: -11.117977
2020-03-15 00:02:58.738 writePoints: 7.071678
2020-03-15 00:02:58.739 writePoints: Point:
2020-03-15 00:02:58.739 writePoints: 11.117977
2020-03-15 00:02:58.739 writePoints: -3.705992
2020-03-15 00:02:58.739 writePoints: 7.071678
2020-03-15 00:02:58.740 writePoints: Point:
2020-03-15 00:02:58.740 writePoints: 11.117977
2020-03-15 00:02:58.740 writePoints: 3.705992
2020-03-15 00:02:58.740 writePoints: 7.071678
2020-03-15 00:02:58.741 writePoints: Point:
2020-03-15 00:02:58.741 writePoints: 11.117977
2020-03-15 00:02:58.741 writePoints: 11.117977
2020-03-15 00:02:58.742 writePoints: 7.071678
2020-03-15 00:02:58.742 writePoints: Point:
2020-03-15 00:02:58.742 writePoints: 3.705992
2020-03-15 00:02:58.742 writePoints: 11.117977
2020-03-15 00:02:58.742 writePoints: 7.071678
2020-03-15 00:02:58.743 writePoints: Point:
2020-03-15 00:02:58.743 writePoints: -3.705992
2020-03-15 00:02:58.743 writePoints: 11.117977
2020-03-15 00:02:58.744 writePoints: 7.071678
2020-03-15 00:02:58.744 writePoints: Point:
2020-03-15 00:02:58.744 writePoints: -11.117977
2020-03-15 00:02:58.744 writePoints: 11.117977
2020-03-15 00:02:58.744 writePoints: 7.071678
2020-03-15 00:02:58.745 writePoints: Point:
2020-03-15 00:02:58.745 writePoints: -11.117977
2020-03-15 00:02:58.745 writePoints: 3.705992
2020-03-15 00:02:58.745 writePoints: 7.071678
2020-03-15 00:02:58.745 writePoints: Point:
2020-03-15 00:02:58.745 writePoints: -11.117977
2020-03-15 00:02:58.746 writePoints: -3.705992
2020-03-15 00:02:58.746 writePoints: 7.071678
2020-03-15 00:02:58.746 writePoints: Point:
2020-03-15 00:02:58.746 writePoints: -11.117977
2020-03-15 00:02:58.746 writePoints: -11.117977
2020-03-15 00:02:58.747 writePoints: 7.071678
2020-03-15 00:02:58.747 writePoints: Point:
2020-03-15 00:02:58.747 writePoints: -3.705992
2020-03-15 00:02:58.747 writePoints: -11.117977
2020-03-15 00:02:58.747 writePoints: 7.071678
2020-03-15 00:02:58.747 writePoints: Point:
2020-03-15 00:02:58.748 writePoints: 3.705992
2020-03-15 00:02:58.748 writePoints: -11.117977
2020-03-15 00:02:58.748 writePoints: 7.071678
2020-03-15 00:02:58.748 writePoints: Point:
2020-03-15 00:02:58.748 writePoints: 3.705992
2020-03-15 00:02:58.748 writePoints: -3.705992
2020-03-15 00:02:58.749 writePoints: 7.071678
2020-03-15 00:02:58.749 writePoints: Point:
2020-03-15 00:02:58.749 writePoints: -3.705992
2020-03-15 00:02:58.749 writePoints: -3.705992
2020-03-15 00:02:58.749 writePoints: 7.071678
2020-03-15 00:02:58.749 writePoints: Point:
2020-03-15 00:02:58.750 writePoints: 3.705992
2020-03-15 00:02:58.750 writePoints: 3.705992
2020-03-15 00:02:58.750 writePoints: 7.071678
2020-03-15 00:02:58.750 writePoints: Point:
2020-03-15 00:02:58.750 writePoints: -3.705992
2020-03-15 00:02:58.750 writePoints: 3.705992
2020-03-15 00:02:58.751 writePoints: 7.071678
2020-03-15 00:02:58.751 writePoints: Point:
2020-03-15 00:02:58.751 writePoints: 11.117977
2020-03-15 00:02:58.751 writePoints: 11.117977
2020-03-15 00:02:58.751 writePoints: -8.367977
2020-03-15 00:02:58.751 writePoints: Point:
2020-03-15 00:02:58.752 writePoints: 11.117977
2020-03-15 00:02:58.752 writePoints: 3.705992
2020-03-15 00:02:58.752 writePoints: -8.367977
2020-03-15 00:02:58.752 writePoints: Point:
2020-03-15 00:02:58.752 writePoints: 11.117977
2020-03-15 00:02:58.753 writePoints: -3.705992
2020-03-15 00:02:58.753 writePoints: -8.367977
2020-03-15 00:02:58.753 writePoints: Point:
2020-03-15 00:02:58.753 writePoints: 11.117977
2020-03-15 00:02:58.753 writePoints: -11.117977
2020-03-15 00:02:58.753 writePoints: -8.367977
2020-03-15 00:02:58.754 writePoints: Point:
2020-03-15 00:02:58.754 writePoints: 3.705992
2020-03-15 00:02:58.754 writePoints: -11.117977
2020-03-15 00:02:58.754 writePoints: -8.367977
2020-03-15 00:02:58.754 writePoints: Point:
2020-03-15 00:02:58.754 writePoints: -3.705992
2020-03-15 00:02:58.755 writePoints: -11.117977
2020-03-15 00:02:58.755 writePoints: -8.367977
2020-03-15 00:02:58.755 writePoints: Point:
2020-03-15 00:02:58.755 writePoints: -11.117977
2020-03-15 00:02:58.755 writePoints: -11.117977
2020-03-15 00:02:58.755 writePoints: -8.367977
2020-03-15 00:02:58.756 writePoints: Point:
2020-03-15 00:02:58.756 writePoints: -11.117977
2020-03-15 00:02:58.756 writePoints: -3.705992
2020-03-15 00:02:58.756 writePoints: -8.367977
2020-03-15 00:02:58.756 writePoints: Point:
2020-03-15 00:02:58.756 writePoints: -11.117977
2020-03-15 00:02:58.757 writePoints: 3.705992
2020-03-15 00:02:58.757 writePoints: -8.367977
2020-03-15 00:02:58.757 writePoints: Point:
2020-03-15 00:02:58.757 writePoints: -11.117977
2020-03-15 00:02:58.757 writePoints: 11.117977
2020-03-15 00:02:58.758 writePoints: -8.367977
2020-03-15 00:02:58.758 writePoints: Point:
2020-03-15 00:02:58.758 writePoints: -3.705992
2020-03-15 00:02:58.758 writePoints: 11.117977
2020-03-15 00:02:58.758 writePoints: -8.367977
2020-03-15 00:02:58.758 writePoints: Point:
2020-03-15 00:02:58.759 writePoints: 3.705992
2020-03-15 00:02:58.759 writePoints: 11.117977
2020-03-15 00:02:58.759 writePoints: -8.367977
2020-03-15 00:02:58.759 writePoints: Point:
2020-03-15 00:02:58.759 writePoints: 3.705992
2020-03-15 00:02:58.760 writePoints: 3.705992
2020-03-15 00:02:58.760 writePoints: -8.367977
2020-03-15 00:02:58.760 writePoints: Point:
2020-03-15 00:02:58.760 writePoints: -3.705992
2020-03-15 00:02:58.760 writePoints: 3.705992
2020-03-15 00:02:58.760 writePoints: -8.367977
2020-03-15 00:02:58.761 writePoints: Point:
2020-03-15 00:02:58.761 writePoints: 3.705992
2020-03-15 00:02:58.761 writePoints: -3.705992
2020-03-15 00:02:58.761 writePoints: -8.367977
2020-03-15 00:02:58.761 writePoints: Point:
2020-03-15 00:02:58.761 writePoints: -3.705992
2020-03-15 00:02:58.762 writePoints: -3.705992
2020-03-15 00:02:58.762 writePoints: -8.367977
2020-03-15 00:02:58.762 writePoints: Point:
2020-03-15 00:02:58.762 writePoints: -11.117977
2020-03-15 00:02:58.762 writePoints: -11.117977
2020-03-15 00:02:58.763 writePoints: -0.648150
2020-03-15 00:02:58.763 writePoints: Point:
2020-03-15 00:02:58.763 writePoints: 11.117977
2020-03-15 00:02:58.763 writePoints: -11.117977
2020-03-15 00:02:58.763 writePoints: -0.648150
2020-03-15 00:02:58.763 writePoints: Point:
2020-03-15 00:02:58.764 writePoints: -3.705992
2020-03-15 00:02:58.764 writePoints: -11.117977
2020-03-15 00:02:58.764 writePoints: -0.648150
2020-03-15 00:02:58.764 writePoints: Point:
2020-03-15 00:02:58.764 writePoints: 3.705992
2020-03-15 00:02:58.764 writePoints: -11.117977
2020-03-15 00:02:58.765 writePoints: -0.648150
2020-03-15 00:02:58.765 writePoints: Point:
2020-03-15 00:02:58.765 writePoints: -11.117977
2020-03-15 00:02:58.765 writePoints: 11.117977
2020-03-15 00:02:58.765 writePoints: -0.648150
2020-03-15 00:02:58.765 writePoints: Point:
2020-03-15 00:02:58.766 writePoints: -11.117977
2020-03-15 00:02:58.766 writePoints: 3.705992
2020-03-15 00:02:58.766 writePoints: -0.648150
2020-03-15 00:02:58.766 writePoints: Point:
2020-03-15 00:02:58.766 writePoints: -11.117977
2020-03-15 00:02:58.766 writePoints: -3.705992
2020-03-15 00:02:58.767 writePoints: -0.648150
2020-03-15 00:02:58.767 writePoints: Point:
2020-03-15 00:02:58.767 writePoints: 11.117977
2020-03-15 00:02:58.767 writePoints: 11.117977
2020-03-15 00:02:58.767 writePoints: -0.648150
2020-03-15 00:02:58.768 writePoints: Point:
2020-03-15 00:02:58.768 writePoints: 3.705992
2020-03-15 00:02:58.768 writePoints: 11.117977
2020-03-15 00:02:58.768 writePoints: -0.648150
2020-03-15 00:02:58.768 writePoints: Point:
2020-03-15 00:02:58.768 writePoints: -3.705992
2020-03-15 00:02:58.769 writePoints: 11.117977
2020-03-15 00:02:58.769 writePoints: -0.648150
2020-03-15 00:02:58.769 writePoints: Point:
2020-03-15 00:02:58.769 writePoints: 11.117977
2020-03-15 00:02:58.769 writePoints: -3.705992
2020-03-15 00:02:58.770 writePoints: -0.648150
2020-03-15 00:02:58.770 writePoints: Point:
2020-03-15 00:02:58.770 writePoints: 11.117977
2020-03-15 00:02:58.770 writePoints: 3.705992
2020-03-15 00:02:58.770 writePoints: -0.648150
2020-03-15 00:02:58.771 saveActiveMesh: The mesh is saved.
2020-03-15 00:03:01.771 PollingTheApp: 1
2020-03-15 00:03:01.771 saveActiveMesh: saveActiveMesh()
2020-03-15 00:03:01.771 saveActiveMesh: Testing the product...
2020-03-15 00:03:01.771 saveActiveMesh: Testing the design...
2020-03-15 00:03:01.772 saveActiveMesh: Testing the root component...
2020-03-15 00:03:01.772 saveActiveMesh: Testing the mesh collection...
2020-03-15 00:03:01.772 saveActiveMesh: Writing meshes...
2020-03-15 00:03:01.772 saveActiveMesh: The mesh 0: MeshBody1

2020-03-15 00:03:01.772 writeMeshBody: Looking for the PolygonMesh...
2020-03-15 00:03:01.773 writePoints: Point:
2020-03-15 00:03:01.773 writePoints: 11.117977
2020-03-15 00:03:01.773 writePoints: -11.117977
2020-03-15 00:03:01.773 writePoints: 7.071678
2020-03-15 00:03:01.773 writePoints: Point:
2020-03-15 00:03:01.773 writePoints: 11.117977
2020-03-15 00:03:01.774 writePoints: -3.705992
2020-03-15 00:03:01.774 writePoints: 7.071678
2020-03-15 00:03:01.774 writePoints: Point:
2020-03-15 00:03:01.774 writePoints: 11.117977
2020-03-15 00:03:01.774 writePoints: 3.705992
2020-03-15 00:03:01.774 writePoints: 7.071678
2020-03-15 00:03:01.775 writePoints: Point:
2020-03-15 00:03:01.775 writePoints: 11.117977
2020-03-15 00:03:01.775 writePoints: 11.117977
2020-03-15 00:03:01.775 writePoints: 7.071678
2020-03-15 00:03:01.775 writePoints: Point:
2020-03-15 00:03:01.776 writePoints: 3.705992
2020-03-15 00:03:01.776 writePoints: 11.117977
2020-03-15 00:03:01.776 writePoints: 7.071678
2020-03-15 00:03:01.776 writePoints: Point:
2020-03-15 00:03:01.776 writePoints: -3.705992
2020-03-15 00:03:01.777 writePoints: 11.117977
2020-03-15 00:03:01.777 writePoints: 7.071678
2020-03-15 00:03:01.777 writePoints: Point:
2020-03-15 00:03:01.777 writePoints: -11.117977
2020-03-15 00:03:01.777 writePoints: 11.117977
2020-03-15 00:03:01.778 writePoints: 7.071678
2020-03-15 00:03:01.778 writePoints: Point:
2020-03-15 00:03:01.778 writePoints: -11.117977
2020-03-15 00:03:01.779 writePoints: 3.705992
2020-03-15 00:03:01.779 writePoints: 7.071678
2020-03-15 00:03:01.780 writePoints: Point:
2020-03-15 00:03:01.780 writePoints: -11.117977
2020-03-15 00:03:01.780 writePoints: -3.705992
2020-03-15 00:03:01.780 writePoints: 7.071678
2020-03-15 00:03:01.780 writePoints: Point:
2020-03-15 00:03:01.780 writePoints: -11.117977
2020-03-15 00:03:01.781 writePoints: -11.117977
2020-03-15 00:03:01.781 writePoints: 7.071678
2020-03-15 00:03:01.781 writePoints: Point:
2020-03-15 00:03:01.781 writePoints: -3.705992
2020-03-15 00:03:01.781 writePoints: -11.117977
2020-03-15 00:03:01.781 writePoints: 7.071678
2020-03-15 00:03:01.782 writePoints: Point:
2020-03-15 00:03:01.782 writePoints: 3.705992
2020-03-15 00:03:01.782 writePoints: -11.117977
2020-03-15 00:03:01.782 writePoints: 7.071678
2020-03-15 00:03:01.782 writePoints: Point:
2020-03-15 00:03:01.782 writePoints: 3.705992
2020-03-15 00:03:01.783 writePoints: -3.705992
2020-03-15 00:03:01.783 writePoints: 7.071678
2020-03-15 00:03:01.783 writePoints: Point:
2020-03-15 00:03:01.783 writePoints: -3.705992
2020-03-15 00:03:01.783 writePoints: -3.705992
2020-03-15 00:03:01.783 writePoints: 7.071678
2020-03-15 00:03:01.784 writePoints: Point:
2020-03-15 00:03:01.784 writePoints: 3.705992
2020-03-15 00:03:01.784 writePoints: 3.705992
2020-03-15 00:03:01.784 writePoints: 7.071678
2020-03-15 00:03:01.784 writePoints: Point:
2020-03-15 00:03:01.785 writePoints: -3.705992
2020-03-15 00:03:01.785 writePoints: 3.705992
2020-03-15 00:03:01.785 writePoints: 7.071678
2020-03-15 00:03:01.785 writePoints: Point:
2020-03-15 00:03:01.785 writePoints: 11.117977
2020-03-15 00:03:01.785 writePoints: 11.117977
2020-03-15 00:03:01.786 writePoints: -8.367977
2020-03-15 00:03:01.786 writePoints: Point:
2020-03-15 00:03:01.786 writePoints: 11.117977
2020-03-15 00:03:01.786 writePoints: 3.705992
2020-03-15 00:03:01.786 writePoints: -8.367977
2020-03-15 00:03:01.786 writePoints: Point:
2020-03-15 00:03:01.787 writePoints: 11.117977
2020-03-15 00:03:01.787 writePoints: -3.705992
2020-03-15 00:03:01.787 writePoints: -8.367977
2020-03-15 00:03:01.787 writePoints: Point:
2020-03-15 00:03:01.787 writePoints: 11.117977
2020-03-15 00:03:01.788 writePoints: -11.117977
2020-03-15 00:03:01.788 writePoints: -8.367977
2020-03-15 00:03:01.788 writePoints: Point:
2020-03-15 00:03:01.788 writePoints: 3.705992
2020-03-15 00:03:01.788 writePoints: -11.117977
2020-03-15 00:03:01.788 writePoints: -8.367977
2020-03-15 00:03:01.789 writePoints: Point:
2020-03-15 00:03:01.789 writePoints: -3.705992
2020-03-15 00:03:01.789 writePoints: -11.117977
2020-03-15 00:03:01.789 writePoints: -8.367977
2020-03-15 00:03:01.789 writePoints: Point:
2020-03-15 00:03:01.789 writePoints: -11.117977
2020-03-15 00:03:01.790 writePoints: -11.117977
2020-03-15 00:03:01.790 writePoints: -8.367977
2020-03-15 00:03:01.790 writePoints: Point:
2020-03-15 00:03:01.790 writePoints: -11.117977
2020-03-15 00:03:01.790 writePoints: -3.705992
2020-03-15 00:03:01.791 writePoints: -8.367977
2020-03-15 00:03:01.791 writePoints: Point:
2020-03-15 00:03:01.791 writePoints: -11.117977
2020-03-15 00:03:01.791 writePoints: 3.705992
2020-03-15 00:03:01.791 writePoints: -8.367977
2020-03-15 00:03:01.791 writePoints: Point:
2020-03-15 00:03:01.792 writePoints: -11.117977
2020-03-15 00:03:01.792 writePoints: 11.117977
2020-03-15 00:03:01.792 writePoints: -8.367977
2020-03-15 00:03:01.792 writePoints: Point:
2020-03-15 00:03:01.792 writePoints: -3.705992
2020-03-15 00:03:01.792 writePoints: 11.117977
2020-03-15 00:03:01.793 writePoints: -8.367977
2020-03-15 00:03:01.793 writePoints: Point:
2020-03-15 00:03:01.793 writePoints: 3.705992
2020-03-15 00:03:01.793 writePoints: 11.117977
2020-03-15 00:03:01.793 writePoints: -8.367977
2020-03-15 00:03:01.793 writePoints: Point:
2020-03-15 00:03:01.794 writePoints: 3.705992
2020-03-15 00:03:01.794 writePoints: 3.705992
2020-03-15 00:03:01.794 writePoints: -8.367977
2020-03-15 00:03:01.794 writePoints: Point:
2020-03-15 00:03:01.794 writePoints: -3.705992
2020-03-15 00:03:01.795 writePoints: 3.705992
2020-03-15 00:03:01.795 writePoints: -8.367977
2020-03-15 00:03:01.795 writePoints: Point:
2020-03-15 00:03:01.795 writePoints: 3.705992
2020-03-15 00:03:01.795 writePoints: -3.705992
2020-03-15 00:03:01.795 writePoints: -8.367977
2020-03-15 00:03:01.796 writePoints: Point:
2020-03-15 00:03:01.796 writePoints: -3.705992
2020-03-15 00:03:01.796 writePoints: -3.705992
2020-03-15 00:03:01.796 writePoints: -8.367977
2020-03-15 00:03:01.797 writePoints: Point:
2020-03-15 00:03:01.797 writePoints: -11.117977
2020-03-15 00:03:01.797 writePoints: -11.117977
2020-03-15 00:03:01.797 writePoints: -0.648150
2020-03-15 00:03:01.797 writePoints: Point:
2020-03-15 00:03:01.797 writePoints: 11.117977
2020-03-15 00:03:01.798 writePoints: -11.117977
2020-03-15 00:03:01.798 writePoints: -0.648150
2020-03-15 00:03:01.798 writePoints: Point:
2020-03-15 00:03:01.798 writePoints: -3.705992
2020-03-15 00:03:01.798 writePoints: -11.117977
2020-03-15 00:03:01.799 writePoints: -0.648150
2020-03-15 00:03:01.799 writePoints: Point:
2020-03-15 00:03:01.799 writePoints: 3.705992
2020-03-15 00:03:01.799 writePoints: -11.117977
2020-03-15 00:03:01.799 writePoints: -0.648150
2020-03-15 00:03:01.800 writePoints: Point:
2020-03-15 00:03:01.800 writePoints: -11.117977
2020-03-15 00:03:01.800 writePoints: 11.117977
2020-03-15 00:03:01.800 writePoints: -0.648150
2020-03-15 00:03:01.800 writePoints: Point:
2020-03-15 00:03:01.800 writePoints: -11.117977
2020-03-15 00:03:01.801 writePoints: 3.705992
2020-03-15 00:03:01.801 writePoints: -0.648150
2020-03-15 00:03:01.801 writePoints: Point:
2020-03-15 00:03:01.801 writePoints: -11.117977
2020-03-15 00:03:01.802 writePoints: -3.705992
2020-03-15 00:03:01.802 writePoints: -0.648150
2020-03-15 00:03:01.802 writePoints: Point:
2020-03-15 00:03:01.802 writePoints: 11.117977
2020-03-15 00:03:01.802 writePoints: 11.117977
2020-03-15 00:03:01.803 writePoints: -0.648150
2020-03-15 00:03:01.803 writePoints: Point:
2020-03-15 00:03:01.803 writePoints: 3.705992
2020-03-15 00:03:01.803 writePoints: 11.117977
2020-03-15 00:03:01.803 writePoints: -0.648150
2020-03-15 00:03:01.803 writePoints: Point:
2020-03-15 00:03:01.804 writePoints: -3.705992
2020-03-15 00:03:01.804 writePoints: 11.117977
2020-03-15 00:03:01.804 writePoints: -0.648150
2020-03-15 00:03:01.804 writePoints: Point:
2020-03-15 00:03:01.804 writePoints: 11.117977
2020-03-15 00:03:01.805 writePoints: -3.705992
2020-03-15 00:03:01.805 writePoints: -0.648150
2020-03-15 00:03:01.805 writePoints: Point:
2020-03-15 00:03:01.805 writePoints: 11.117977
2020-03-15 00:03:01.805 writePoints: 3.705992
2020-03-15 00:03:01.805 writePoints: -0.648150
2020-03-15 00:03:01.806 saveActiveMesh: The mesh is saved.
2020-03-15 00:03:04.807 PollingTheApp: 2
2020-03-15 00:03:04.807 saveActiveMesh: saveActiveMesh()
2020-03-15 00:03:04.807 saveActiveMesh: Testing the product...
2020-03-15 00:03:04.807 saveActiveMesh: Testing the design...
2020-03-15 00:03:04.808 saveActiveMesh: Testing the root component...
2020-03-15 00:03:04.808 saveActiveMesh: Testing the mesh collection...
2020-03-15 00:03:04.808 saveActiveMesh: Writing meshes...
2020-03-15 00:03:04.809 saveActiveMesh: The mesh 0: MeshBody1

2020-03-15 00:03:04.809 writeMeshBody: Looking for the PolygonMesh...
2020-03-15 00:03:04.809 writePoints: Point:
2020-03-15 00:03:04.810 writePoints: 11.117977
2020-03-15 00:03:04.810 writePoints: -11.117977
2020-03-15 00:03:04.810 writePoints: 7.071678
2020-03-15 00:03:04.810 writePoints: Point:
2020-03-15 00:03:04.810 writePoints: 11.117977
2020-03-15 00:03:04.810 writePoints: -3.705992
2020-03-15 00:03:04.811 writePoints: 7.071678
2020-03-15 00:03:04.811 writePoints: Point:
2020-03-15 00:03:04.811 writePoints: 11.117977
2020-03-15 00:03:04.811 writePoints: 3.705992
2020-03-15 00:03:04.811 writePoints: 7.071678
2020-03-15 00:03:04.811 writePoints: Point:
2020-03-15 00:03:04.812 writePoints: 11.117977
2020-03-15 00:03:04.812 writePoints: 11.117977
2020-03-15 00:03:04.812 writePoints: 7.071678
2020-03-15 00:03:04.812 writePoints: Point:
2020-03-15 00:03:04.812 writePoints: 3.705992
2020-03-15 00:03:04.812 writePoints: 11.117977
2020-03-15 00:03:04.813 writePoints: 7.071678
2020-03-15 00:03:04.813 writePoints: Point:
2020-03-15 00:03:04.813 writePoints: -3.705992
2020-03-15 00:03:04.813 writePoints: 11.117977
2020-03-15 00:03:04.813 writePoints: 7.071678
2020-03-15 00:03:04.813 writePoints: Point:
2020-03-15 00:03:04.814 writePoints: -11.117977
2020-03-15 00:03:04.814 writePoints: 11.117977
2020-03-15 00:03:04.814 writePoints: 7.071678
2020-03-15 00:03:04.815 writePoints: Point:
2020-03-15 00:03:04.815 writePoints: -11.117977
2020-03-15 00:03:04.815 writePoints: 3.705992
2020-03-15 00:03:04.815 writePoints: 7.071678
2020-03-15 00:03:04.815 writePoints: Point:
2020-03-15 00:03:04.815 writePoints: -11.117977
2020-03-15 00:03:04.816 writePoints: -3.705992
2020-03-15 00:03:04.816 writePoints: 7.071678
2020-03-15 00:03:04.816 writePoints: Point:
2020-03-15 00:03:04.816 writePoints: -11.117977
2020-03-15 00:03:04.816 writePoints: -11.117977
2020-03-15 00:03:04.816 writePoints: 7.071678
2020-03-15 00:03:04.817 writePoints: Point:
2020-03-15 00:03:04.817 writePoints: -3.705992
2020-03-15 00:03:04.818 writePoints: -11.117977
2020-03-15 00:03:04.818 writePoints: 7.071678
2020-03-15 00:03:04.818 writePoints: Point:
2020-03-15 00:03:04.819 writePoints: 3.705992
2020-03-15 00:03:04.819 writePoints: -11.117977
2020-03-15 00:03:04.819 writePoints: 7.071678
2020-03-15 00:03:04.819 writePoints: Point:
2020-03-15 00:03:04.819 writePoints: 3.705992
2020-03-15 00:03:04.819 writePoints: -3.705992
2020-03-15 00:03:04.820 writePoints: 7.071678
2020-03-15 00:03:04.820 writePoints: Point:
2020-03-15 00:03:04.820 writePoints: -3.705992
2020-03-15 00:03:04.820 writePoints: -3.705992
2020-03-15 00:03:04.820 writePoints: 7.071678
2020-03-15 00:03:04.821 writePoints: Point:
2020-03-15 00:03:04.821 writePoints: 3.705992
2020-03-15 00:03:04.821 writePoints: 3.705992
2020-03-15 00:03:04.821 writePoints: 7.071678
2020-03-15 00:03:04.821 writePoints: Point:
2020-03-15 00:03:04.821 writePoints: -3.705992
2020-03-15 00:03:04.822 writePoints: 3.705992
2020-03-15 00:03:04.822 writePoints: 7.071678
2020-03-15 00:03:04.822 writePoints: Point:
2020-03-15 00:03:04.822 writePoints: 11.117977
2020-03-15 00:03:04.823 writePoints: 11.117977
2020-03-15 00:03:04.823 writePoints: -8.367977
2020-03-15 00:03:04.823 writePoints: Point:
2020-03-15 00:03:04.823 writePoints: 11.117977
2020-03-15 00:03:04.823 writePoints: 3.705992
2020-03-15 00:03:04.824 writePoints: -8.367977
2020-03-15 00:03:04.824 writePoints: Point:
2020-03-15 00:03:04.824 writePoints: 11.117977
2020-03-15 00:03:04.824 writePoints: -3.705992
2020-03-15 00:03:04.824 writePoints: -8.367977
2020-03-15 00:03:04.824 writePoints: Point:
2020-03-15 00:03:04.825 writePoints: 11.117977
2020-03-15 00:03:04.825 writePoints: -11.117977
2020-03-15 00:03:04.825 writePoints: -8.367977
2020-03-15 00:03:04.825 writePoints: Point:
2020-03-15 00:03:04.825 writePoints: 3.705992
2020-03-15 00:03:04.825 writePoints: -11.117977
2020-03-15 00:03:04.826 writePoints: -8.367977
2020-03-15 00:03:04.826 writePoints: Point:
2020-03-15 00:03:04.827 writePoints: -3.705992
2020-03-15 00:03:04.827 writePoints: -11.117977
2020-03-15 00:03:04.827 writePoints: -8.367977
2020-03-15 00:03:04.827 writePoints: Point:
2020-03-15 00:03:04.827 writePoints: -11.117977
2020-03-15 00:03:04.828 writePoints: -11.117977
2020-03-15 00:03:04.828 writePoints: -8.367977
2020-03-15 00:03:04.828 writePoints: Point:
2020-03-15 00:03:04.828 writePoints: -11.117977
2020-03-15 00:03:04.828 writePoints: -3.705992
2020-03-15 00:03:04.829 writePoints: -8.367977
2020-03-15 00:03:04.829 writePoints: Point:
2020-03-15 00:03:04.829 writePoints: -11.117977
2020-03-15 00:03:04.829 writePoints: 3.705992
2020-03-15 00:03:04.829 writePoints: -8.367977
2020-03-15 00:03:04.830 writePoints: Point:
2020-03-15 00:03:04.830 writePoints: -11.117977
2020-03-15 00:03:04.830 writePoints: 11.117977
2020-03-15 00:03:04.830 writePoints: -8.367977
2020-03-15 00:03:04.830 writePoints: Point:
2020-03-15 00:03:04.831 writePoints: -3.705992
2020-03-15 00:03:04.832 writePoints: 11.117977
2020-03-15 00:03:04.832 writePoints: -8.367977
2020-03-15 00:03:04.832 writePoints: Point:
2020-03-15 00:03:04.832 writePoints: 3.705992
2020-03-15 00:03:04.833 writePoints: 11.117977
2020-03-15 00:03:04.833 writePoints: -8.367977
2020-03-15 00:03:04.833 writePoints: Point:
2020-03-15 00:03:04.833 writePoints: 3.705992
2020-03-15 00:03:04.833 writePoints: 3.705992
2020-03-15 00:03:04.833 writePoints: -8.367977
2020-03-15 00:03:04.834 writePoints: Point:
2020-03-15 00:03:04.834 writePoints: -3.705992
2020-03-15 00:03:04.834 writePoints: 3.705992
2020-03-15 00:03:04.834 writePoints: -8.367977
2020-03-15 00:03:04.834 writePoints: Point:
2020-03-15 00:03:04.834 writePoints: 3.705992
2020-03-15 00:03:04.835 writePoints: -3.705992
2020-03-15 00:03:04.835 writePoints: -8.367977
2020-03-15 00:03:04.835 writePoints: Point:
2020-03-15 00:03:04.835 writePoints: -3.705992
2020-03-15 00:03:04.835 writePoints: -3.705992
2020-03-15 00:03:04.836 writePoints: -8.367977
2020-03-15 00:03:04.836 writePoints: Point:
2020-03-15 00:03:04.836 writePoints: -11.117977
2020-03-15 00:03:04.836 writePoints: -11.117977
2020-03-15 00:03:04.836 writePoints: -0.648150
2020-03-15 00:03:04.836 writePoints: Point:
2020-03-15 00:03:04.837 writePoints: 11.117977
2020-03-15 00:03:04.837 writePoints: -11.117977
2020-03-15 00:03:04.837 writePoints: -0.648150
2020-03-15 00:03:04.837 writePoints: Point:
2020-03-15 00:03:04.837 writePoints: -3.705992
2020-03-15 00:03:04.838 writePoints: -11.117977
2020-03-15 00:03:04.838 writePoints: -0.648150
2020-03-15 00:03:04.838 writePoints: Point:
2020-03-15 00:03:04.838 writePoints: 3.705992
2020-03-15 00:03:04.838 writePoints: -11.117977
2020-03-15 00:03:04.838 writePoints: -0.648150
2020-03-15 00:03:04.839 writePoints: Point:
2020-03-15 00:03:04.839 writePoints: -11.117977
2020-03-15 00:03:04.839 writePoints: 11.117977
2020-03-15 00:03:04.839 writePoints: -0.648150
2020-03-15 00:03:04.839 writePoints: Point:
2020-03-15 00:03:04.840 writePoints: -11.117977
2020-03-15 00:03:04.840 writePoints: 3.705992
2020-03-15 00:03:04.840 writePoints: -0.648150
2020-03-15 00:03:04.840 writePoints: Point:
2020-03-15 00:03:04.840 writePoints: -11.117977
2020-03-15 00:03:04.841 writePoints: -3.705992
2020-03-15 00:03:04.841 writePoints: -0.648150
2020-03-15 00:03:04.842 writePoints: Point:
2020-03-15 00:03:04.842 writePoints: 11.117977
2020-03-15 00:03:04.842 writePoints: 11.117977
2020-03-15 00:03:04.842 writePoints: -0.648150
2020-03-15 00:03:04.842 writePoints: Point:
2020-03-15 00:03:04.842 writePoints: 3.705992
2020-03-15 00:03:04.843 writePoints: 11.117977
2020-03-15 00:03:04.843 writePoints: -0.648150
2020-03-15 00:03:04.843 writePoints: Point:
2020-03-15 00:03:04.843 writePoints: -3.705992
2020-03-15 00:03:04.843 writePoints: 11.117977
2020-03-15 00:03:04.844 writePoints: -0.648150
2020-03-15 00:03:04.844 writePoints: Point:
2020-03-15 00:03:04.844 writePoints: 11.117977
2020-03-15 00:03:04.844 writePoints: -3.705992
2020-03-15 00:03:04.844 writePoints: -0.648150
2020-03-15 00:03:04.844 writePoints: Point:
2020-03-15 00:03:04.845 writePoints: 11.117977
2020-03-15 00:03:04.845 writePoints: 3.705992
2020-03-15 00:03:04.845 writePoints: -0.648150
2020-03-15 00:03:04.846 saveActiveMesh: The mesh is saved.
2020-03-15 00:03:07.846 PollingTheApp: 3
2020-03-15 00:03:07.846 saveActiveMesh: saveActiveMesh()
2020-03-15 00:03:07.846 saveActiveMesh: Testing the product...
2020-03-15 00:03:07.846 saveActiveMesh: Testing the design...
2020-03-15 00:03:07.847 saveActiveMesh: Testing the root component...
2020-03-15 00:03:07.847 saveActiveMesh: Testing the mesh collection...
2020-03-15 00:03:07.847 saveActiveMesh: Writing meshes...
2020-03-15 00:03:07.847 saveActiveMesh: The mesh 0: MeshBody1

2020-03-15 00:03:07.847 writeMeshBody: Looking for the PolygonMesh...
2020-03-15 00:03:07.848 writePoints: Point:
2020-03-15 00:03:07.848 writePoints: 11.117977
2020-03-15 00:03:07.848 writePoints: -11.117977
2020-03-15 00:03:07.848 writePoints: 7.071678
2020-03-15 00:03:07.848 writePoints: Point:
2020-03-15 00:03:07.848 writePoints: 11.117977
2020-03-15 00:03:07.849 writePoints: -3.705992
2020-03-15 00:03:07.849 writePoints: 7.071678
2020-03-15 00:03:07.849 writePoints: Point:
2020-03-15 00:03:07.849 writePoints: 11.117977
2020-03-15 00:03:07.849 writePoints: 3.705992
2020-03-15 00:03:07.849 writePoints: 7.071678
2020-03-15 00:03:07.850 writePoints: Point:
2020-03-15 00:03:07.850 writePoints: 11.117977
2020-03-15 00:03:07.850 writePoints: 11.117977
2020-03-15 00:03:07.851 writePoints: 7.071678
2020-03-15 00:03:07.852 writePoints: Point:
2020-03-15 00:03:07.852 writePoints: 3.705992
2020-03-15 00:03:07.852 writePoints: 11.117977
2020-03-15 00:03:07.852 writePoints: 7.071678
2020-03-15 00:03:07.852 writePoints: Point:
2020-03-15 00:03:07.852 writePoints: -3.705992
2020-03-15 00:03:07.853 writePoints: 11.117977
2020-03-15 00:03:07.853 writePoints: 7.071678
2020-03-15 00:03:07.853 writePoints: Point:
2020-03-15 00:03:07.853 writePoints: -11.117977
2020-03-15 00:03:07.853 writePoints: 11.117977
2020-03-15 00:03:07.853 writePoints: 7.071678
2020-03-15 00:03:07.854 writePoints: Point:
2020-03-15 00:03:07.854 writePoints: -11.117977
2020-03-15 00:03:07.854 writePoints: 3.705992
2020-03-15 00:03:07.854 writePoints: 7.071678
2020-03-15 00:03:07.854 writePoints: Point:
2020-03-15 00:03:07.855 writePoints: -11.117977
2020-03-15 00:03:07.855 writePoints: -3.705992
2020-03-15 00:03:07.855 writePoints: 7.071678
2020-03-15 00:03:07.855 writePoints: Point:
2020-03-15 00:03:07.855 writePoints: -11.117977
2020-03-15 00:03:07.856 writePoints: -11.117977
2020-03-15 00:03:07.856 writePoints: 7.071678
2020-03-15 00:03:07.856 writePoints: Point:
2020-03-15 00:03:07.856 writePoints: -3.705992
2020-03-15 00:03:07.856 writePoints: -11.117977
2020-03-15 00:03:07.856 writePoints: 7.071678
2020-03-15 00:03:07.857 writePoints: Point:
2020-03-15 00:03:07.857 writePoints: 3.705992
2020-03-15 00:03:07.857 writePoints: -11.117977
2020-03-15 00:03:07.857 writePoints: 7.071678
2020-03-15 00:03:07.858 writePoints: Point:
2020-03-15 00:03:07.858 writePoints: 3.705992
2020-03-15 00:03:07.858 writePoints: -3.705992
2020-03-15 00:03:07.858 writePoints: 7.071678
2020-03-15 00:03:07.858 writePoints: Point:
2020-03-15 00:03:07.859 writePoints: -3.705992
2020-03-15 00:03:07.859 writePoints: -3.705992
2020-03-15 00:03:07.859 writePoints: 7.071678
2020-03-15 00:03:07.859 writePoints: Point:
2020-03-15 00:03:07.859 writePoints: 3.705992
2020-03-15 00:03:07.859 writePoints: 3.705992
2020-03-15 00:03:07.860 writePoints: 7.071678
2020-03-15 00:03:07.860 writePoints: Point:
2020-03-15 00:03:07.860 writePoints: -3.705992
2020-03-15 00:03:07.860 writePoints: 3.705992
2020-03-15 00:03:07.860 writePoints: 7.071678
2020-03-15 00:03:07.860 writePoints: Point:
2020-03-15 00:03:07.861 writePoints: 11.117977
2020-03-15 00:03:07.861 writePoints: 11.117977
2020-03-15 00:03:07.861 writePoints: -8.367977
2020-03-15 00:03:07.861 writePoints: Point:
2020-03-15 00:03:07.862 writePoints: 11.117977
2020-03-15 00:03:07.862 writePoints: 3.705992
2020-03-15 00:03:07.862 writePoints: -8.367977
2020-03-15 00:03:07.863 writePoints: Point:
2020-03-15 00:03:07.863 writePoints: 11.117977
2020-03-15 00:03:07.863 writePoints: -3.705992
2020-03-15 00:03:07.863 writePoints: -8.367977
2020-03-15 00:03:07.863 writePoints: Point:
2020-03-15 00:03:07.863 writePoints: 11.117977
2020-03-15 00:03:07.864 writePoints: -11.117977
2020-03-15 00:03:07.864 writePoints: -8.367977
2020-03-15 00:03:07.864 writePoints: Point:
2020-03-15 00:03:07.864 writePoints: 3.705992
2020-03-15 00:03:07.864 writePoints: -11.117977
2020-03-15 00:03:07.865 writePoints: -8.367977
2020-03-15 00:03:07.865 writePoints: Point:
2020-03-15 00:03:07.865 writePoints: -3.705992
2020-03-15 00:03:07.865 writePoints: -11.117977
2020-03-15 00:03:07.865 writePoints: -8.367977
2020-03-15 00:03:07.865 writePoints: Point:
2020-03-15 00:03:07.866 writePoints: -11.117977
2020-03-15 00:03:07.866 writePoints: -11.117977
2020-03-15 00:03:07.866 writePoints: -8.367977
2020-03-15 00:03:07.866 writePoints: Point:
2020-03-15 00:03:07.866 writePoints: -11.117977
2020-03-15 00:03:07.867 writePoints: -3.705992
2020-03-15 00:03:07.867 writePoints: -8.367977
2020-03-15 00:03:07.867 writePoints: Point:
2020-03-15 00:03:07.867 writePoints: -11.117977
2020-03-15 00:03:07.868 writePoints: 3.705992
2020-03-15 00:03:07.868 writePoints: -8.367977
2020-03-15 00:03:07.868 writePoints: Point:
2020-03-15 00:03:07.868 writePoints: -11.117977
2020-03-15 00:03:07.868 writePoints: 11.117977
2020-03-15 00:03:07.869 writePoints: -8.367977
2020-03-15 00:03:07.869 writePoints: Point:
2020-03-15 00:03:07.869 writePoints: -3.705992
2020-03-15 00:03:07.869 writePoints: 11.117977
2020-03-15 00:03:07.869 writePoints: -8.367977
2020-03-15 00:03:07.869 writePoints: Point:
2020-03-15 00:03:07.870 writePoints: 3.705992
2020-03-15 00:03:07.870 writePoints: 11.117977
2020-03-15 00:03:07.870 writePoints: -8.367977
2020-03-15 00:03:07.870 writePoints: Point:
2020-03-15 00:03:07.870 writePoints: 3.705992
2020-03-15 00:03:07.871 writePoints: 3.705992
2020-03-15 00:03:07.871 writePoints: -8.367977
2020-03-15 00:03:07.871 writePoints: Point:
2020-03-15 00:03:07.871 writePoints: -3.705992
2020-03-15 00:03:07.871 writePoints: 3.705992
2020-03-15 00:03:07.871 writePoints: -8.367977
2020-03-15 00:03:07.872 writePoints: Point:
2020-03-15 00:03:07.872 writePoints: 3.705992
2020-03-15 00:03:07.872 writePoints: -3.705992
2020-03-15 00:03:07.872 writePoints: -8.367977
2020-03-15 00:03:07.872 writePoints: Point:
2020-03-15 00:03:07.873 writePoints: -3.705992
2020-03-15 00:03:07.873 writePoints: -3.705992
2020-03-15 00:03:07.873 writePoints: -8.367977
2020-03-15 00:03:07.873 writePoints: Point:
2020-03-15 00:03:07.874 writePoints: -11.117977
2020-03-15 00:03:07.874 writePoints: -11.117977
2020-03-15 00:03:07.874 writePoints: -0.648150
2020-03-15 00:03:07.874 writePoints: Point:
2020-03-15 00:03:07.874 writePoints: 11.117977
2020-03-15 00:03:07.875 writePoints: -11.117977
2020-03-15 00:03:07.875 writePoints: -0.648150
2020-03-15 00:03:07.875 writePoints: Point:
2020-03-15 00:03:07.875 writePoints: -3.705992
2020-03-15 00:03:07.875 writePoints: -11.117977
2020-03-15 00:03:07.876 writePoints: -0.648150
2020-03-15 00:03:07.876 writePoints: Point:
2020-03-15 00:03:07.876 writePoints: 3.705992
2020-03-15 00:03:07.876 writePoints: -11.117977
2020-03-15 00:03:07.876 writePoints: -0.648150
2020-03-15 00:03:07.877 writePoints: Point:
2020-03-15 00:03:07.877 writePoints: -11.117977
2020-03-15 00:03:07.877 writePoints: 11.117977
2020-03-15 00:03:07.877 writePoints: -0.648150
2020-03-15 00:03:07.877 writePoints: Point:
2020-03-15 00:03:07.877 writePoints: -11.117977
2020-03-15 00:03:07.878 writePoints: 3.705992
2020-03-15 00:03:07.878 writePoints: -0.648150
2020-03-15 00:03:07.878 writePoints: Point:
2020-03-15 00:03:07.878 writePoints: -11.117977
2020-03-15 00:03:07.878 writePoints: -3.705992
2020-03-15 00:03:07.879 writePoints: -0.648150
2020-03-15 00:03:07.879 writePoints: Point:
2020-03-15 00:03:07.879 writePoints: 11.117977
2020-03-15 00:03:07.879 writePoints: 11.117977
2020-03-15 00:03:07.879 writePoints: -0.648150
2020-03-15 00:03:07.879 writePoints: Point:
2020-03-15 00:03:07.880 writePoints: 3.705992
2020-03-15 00:03:07.880 writePoints: 11.117977
2020-03-15 00:03:07.881 writePoints: -0.648150
2020-03-15 00:03:07.881 writePoints: Point:
2020-03-15 00:03:07.881 writePoints: -3.705992
2020-03-15 00:03:07.881 writePoints: 11.117977
2020-03-15 00:03:07.881 writePoints: -0.648150
2020-03-15 00:03:07.881 writePoints: Point:
2020-03-15 00:03:07.882 writePoints: 11.117977
2020-03-15 00:03:07.882 writePoints: -3.705992
2020-03-15 00:03:07.882 writePoints: -0.648150
2020-03-15 00:03:07.882 writePoints: Point:
2020-03-15 00:03:07.882 writePoints: 11.117977
2020-03-15 00:03:07.882 writePoints: 3.705992
2020-03-15 00:03:07.883 writePoints: -0.648150
2020-03-15 00:03:07.883 saveActiveMesh: The mesh is saved.
2020-03-15 00:03:10.494 stop: SaveMesh stopped
