2020-03-16 23:53:30.915 init: SaveMesh started
2020-03-16 23:53:30.915 PollingTheApp: Polling thread started
2020-03-16 23:53:30.916 PollingTheApp: 0
2020-03-16 23:53:30.916 saveActiveMesh: saveActiveMesh()
2020-03-16 23:53:30.916 saveActiveMesh: Testing the product...
2020-03-16 23:53:30.933 saveActiveMesh: Testing the design...
2020-03-16 23:53:30.933 saveActiveMesh: Testing the root component...
2020-03-16 23:53:30.999 saveActiveMesh: Testing the mesh collection...
2020-03-16 23:53:31.024 saveActiveMesh: Writing meshes...
2020-03-16 23:53:31.032 saveActiveMesh: The mesh 0: MeshBody1

2020-03-16 23:53:31.033 writeMeshBody: Looking for the PolygonMesh...
2020-03-16 23:53:31.047 writeMeshBody: Looking for the TriangleMesh...
2020-03-16 23:53:31.092 writePolygonMesh: triangles: 160 480
2020-03-16 23:53:31.192 writePolygonMesh: PolygonMesh:
2020-03-16 23:53:31.206 writePoints: Mesh saved to the file E:\Users\Paulius\AppData\Roaming/Autodesk/Autodesk Fusion 360/API/AddIns/SaveMesh/SaveMesh_polygon.msh.
2020-03-16 23:53:31.293 writeTriangleMesh: TriangleMesh:
2020-03-16 23:53:31.307 writePoints: Mesh saved to the file E:\Users\Paulius\AppData\Roaming/Autodesk/Autodesk Fusion 360/API/AddIns/SaveMesh/SaveMesh_triangle.msh.
2020-03-16 23:53:31.308 saveActiveMesh: The mesh is saved.
2020-03-16 23:53:34.308 PollingTheApp: 1
2020-03-16 23:53:34.308 saveActiveMesh: saveActiveMesh()
2020-03-16 23:53:34.309 saveActiveMesh: Testing the product...
2020-03-16 23:53:34.309 saveActiveMesh: Testing the design...
2020-03-16 23:53:34.309 saveActiveMesh: Testing the root component...
2020-03-16 23:53:34.309 saveActiveMesh: Testing the mesh collection...
2020-03-16 23:53:34.309 saveActiveMesh: Writing meshes...
2020-03-16 23:53:34.310 saveActiveMesh: The mesh 0: MeshBody1

2020-03-16 23:53:34.310 writeMeshBody: Looking for the PolygonMesh...
2020-03-16 23:53:34.310 writeMeshBody: Looking for the TriangleMesh...
2020-03-16 23:53:34.310 writePolygonMesh: triangles: 160 480
2020-03-16 23:53:34.310 writePolygonMesh: PolygonMesh:
2020-03-16 23:53:34.324 writePoints: Mesh saved to the file E:\Users\Paulius\AppData\Roaming/Autodesk/Autodesk Fusion 360/API/AddIns/SaveMesh/SaveMesh_polygon.msh.
2020-03-16 23:53:34.325 writeTriangleMesh: TriangleMesh:
2020-03-16 23:53:34.339 writePoints: Mesh saved to the file E:\Users\Paulius\AppData\Roaming/Autodesk/Autodesk Fusion 360/API/AddIns/SaveMesh/SaveMesh_triangle.msh.
2020-03-16 23:53:34.339 saveActiveMesh: The mesh is saved.
2020-03-16 23:53:37.340 PollingTheApp: 2
2020-03-16 23:53:37.340 saveActiveMesh: saveActiveMesh()
2020-03-16 23:53:37.340 saveActiveMesh: Testing the product...
2020-03-16 23:53:37.340 saveActiveMesh: Testing the design...
2020-03-16 23:53:37.341 saveActiveMesh: Testing the root component...
2020-03-16 23:53:37.341 saveActiveMesh: Testing the mesh collection...
2020-03-16 23:53:37.341 saveActiveMesh: Writing meshes...
2020-03-16 23:53:37.341 saveActiveMesh: The mesh 0: MeshBody1

2020-03-16 23:53:37.341 writeMeshBody: Looking for the PolygonMesh...
2020-03-16 23:53:37.341 writeMeshBody: Looking for the TriangleMesh...
2020-03-16 23:53:37.342 writePolygonMesh: triangles: 160 480
2020-03-16 23:53:37.342 writePolygonMesh: PolygonMesh:
2020-03-16 23:53:37.356 writePoints: Mesh saved to the file E:\Users\Paulius\AppData\Roaming/Autodesk/Autodesk Fusion 360/API/AddIns/SaveMesh/SaveMesh_polygon.msh.
2020-03-16 23:53:37.357 writeTriangleMesh: TriangleMesh:
2020-03-16 23:53:37.374 writePoints: Mesh saved to the file E:\Users\Paulius\AppData\Roaming/Autodesk/Autodesk Fusion 360/API/AddIns/SaveMesh/SaveMesh_triangle.msh.
2020-03-16 23:53:37.374 saveActiveMesh: The mesh is saved.
2020-03-16 23:53:40.375 PollingTheApp: 3
2020-03-16 23:53:40.375 saveActiveMesh: saveActiveMesh()
2020-03-16 23:53:40.375 saveActiveMesh: Testing the product...
2020-03-16 23:53:40.375 saveActiveMesh: Testing the design...
2020-03-16 23:53:40.376 saveActiveMesh: Testing the root component...
2020-03-16 23:53:40.376 saveActiveMesh: Testing the mesh collection...
2020-03-16 23:53:40.376 saveActiveMesh: Writing meshes...
2020-03-16 23:53:40.376 saveActiveMesh: The mesh is saved.
2020-03-16 23:53:40.603 stop: SaveMesh stopped
2020-03-16 23:58:38.772 PollingTheApp: Polling thread started
2020-03-16 23:58:38.773 PollingTheApp: 0
2020-03-16 23:58:38.773 saveActiveMesh: saveActiveMesh()
2020-03-16 23:58:38.773 saveActiveMesh: Testing the product...
2020-03-16 23:58:38.774 saveActiveMesh: Testing the design...
2020-03-16 23:58:38.774 saveActiveMesh: Testing the root component...
2020-03-16 23:58:38.774 saveActiveMesh: Testing the mesh collection...
2020-03-16 23:58:38.774 saveActiveMesh: Writing meshes...
2020-03-16 23:58:38.775 saveActiveMesh: The mesh 0: MeshBody1

2020-03-16 23:58:38.775 writeMeshBody: Looking for the PolygonMesh...
2020-03-16 23:58:38.775 writeMeshBody: Looking for the TriangleMesh...
2020-03-16 23:58:38.776 writePolygonMesh: triangles: 344 1032
2020-03-16 23:58:38.776 writePolygonMesh: quads: 0 0
2020-03-16 23:58:38.776 writePolygonMesh: polygons: 0 0
2020-03-16 23:58:38.776 writePolygonMesh: PolygonMesh:
2020-03-16 23:58:38.807 writePoints: Mesh saved to the file E:\Users\Paulius\AppData\Roaming/Autodesk/Autodesk Fusion 360/API/AddIns/SaveMesh/SaveMesh_polygon.msh.
2020-03-16 23:58:38.808 writeTriangleMesh: TriangleMesh:
2020-03-16 23:58:38.838 writePoints: Mesh saved to the file E:\Users\Paulius\AppData\Roaming/Autodesk/Autodesk Fusion 360/API/AddIns/SaveMesh/SaveMesh_triangle.msh.
2020-03-16 23:58:38.838 saveActiveMesh: The mesh is saved.
2020-03-16 23:58:41.839 PollingTheApp: 1
2020-03-16 23:58:41.839 saveActiveMesh: saveActiveMesh()
2020-03-16 23:58:41.839 saveActiveMesh: Testing the product...
2020-03-16 23:58:41.839 saveActiveMesh: Testing the design...
2020-03-16 23:58:41.840 saveActiveMesh: Testing the root component...
2020-03-16 23:58:41.840 saveActiveMesh: Testing the mesh collection...
2020-03-16 23:58:41.841 saveActiveMesh: Writing meshes...
2020-03-16 23:58:41.842 saveActiveMesh: The mesh 0: MeshBody1

2020-03-16 23:58:41.842 writeMeshBody: Looking for the PolygonMesh...
2020-03-16 23:58:41.842 writeMeshBody: Looking for the TriangleMesh...
2020-03-16 23:58:41.843 writePolygonMesh: triangles: 344 1032
2020-03-16 23:58:41.843 writePolygonMesh: quads: 0 0
2020-03-16 23:58:41.843 writePolygonMesh: polygons: 0 0
2020-03-16 23:58:41.843 writePolygonMesh: PolygonMesh:
2020-03-16 23:58:41.885 writePoints: Mesh saved to the file E:\Users\Paulius\AppData\Roaming/Autodesk/Autodesk Fusion 360/API/AddIns/SaveMesh/SaveMesh_polygon.msh.
2020-03-16 23:58:41.886 writeTriangleMesh: TriangleMesh:
2020-03-16 23:58:41.924 writePoints: Mesh saved to the file E:\Users\Paulius\AppData\Roaming/Autodesk/Autodesk Fusion 360/API/AddIns/SaveMesh/SaveMesh_triangle.msh.
2020-03-16 23:58:41.924 saveActiveMesh: The mesh is saved.
2020-03-16 23:58:44.924 PollingTheApp: 2
2020-03-16 23:58:44.924 saveActiveMesh: saveActiveMesh()
2020-03-16 23:58:44.924 saveActiveMesh: Testing the product...
2020-03-16 23:58:44.924 saveActiveMesh: Testing the design...
2020-03-16 23:58:44.925 saveActiveMesh: Testing the root component...
2020-03-16 23:58:44.925 saveActiveMesh: Testing the mesh collection...
2020-03-16 23:58:44.925 saveActiveMesh: Writing meshes...
2020-03-16 23:58:44.926 saveActiveMesh: The mesh 0: MeshBody1

2020-03-16 23:58:44.926 writeMeshBody: Looking for the PolygonMesh...
2020-03-16 23:58:44.926 writeMeshBody: Looking for the TriangleMesh...
2020-03-16 23:58:44.926 writePolygonMesh: triangles: 344 1032
2020-03-16 23:58:44.926 writePolygonMesh: quads: 0 0
2020-03-16 23:58:44.927 writePolygonMesh: polygons: 0 0
2020-03-16 23:58:44.927 writePolygonMesh: PolygonMesh:
2020-03-16 23:58:44.956 writePoints: Mesh saved to the file E:\Users\Paulius\AppData\Roaming/Autodesk/Autodesk Fusion 360/API/AddIns/SaveMesh/SaveMesh_polygon.msh.
2020-03-16 23:58:44.957 writeTriangleMesh: TriangleMesh:
2020-03-16 23:58:44.986 writePoints: Mesh saved to the file E:\Users\Paulius\AppData\Roaming/Autodesk/Autodesk Fusion 360/API/AddIns/SaveMesh/SaveMesh_triangle.msh.
2020-03-16 23:58:44.987 saveActiveMesh: The mesh is saved.
2020-03-16 23:58:47.987 PollingTheApp: 3
2020-03-16 23:58:47.987 saveActiveMesh: saveActiveMesh()
2020-03-16 23:58:47.987 saveActiveMesh: Testing the product...
2020-03-16 23:58:47.988 saveActiveMesh: Testing the design...
2020-03-16 23:58:47.988 saveActiveMesh: Testing the root component...
2020-03-16 23:58:47.988 saveActiveMesh: Testing the mesh collection...
2020-03-16 23:58:47.988 saveActiveMesh: Writing meshes...
2020-03-16 23:58:47.989 saveActiveMesh: The mesh 0: MeshBody1

2020-03-16 23:58:47.989 writeMeshBody: Looking for the PolygonMesh...
2020-03-16 23:58:47.989 writeMeshBody: Looking for the TriangleMesh...
2020-03-16 23:58:47.989 writePolygonMesh: triangles: 344 1032
2020-03-16 23:58:47.990 writePolygonMesh: quads: 0 0
2020-03-16 23:58:47.990 writePolygonMesh: polygons: 0 0
2020-03-16 23:58:47.990 writePolygonMesh: PolygonMesh:
2020-03-16 23:58:48.021 writePoints: Mesh saved to the file E:\Users\Paulius\AppData\Roaming/Autodesk/Autodesk Fusion 360/API/AddIns/SaveMesh/SaveMesh_polygon.msh.
2020-03-16 23:58:48.031 writeTriangleMesh: TriangleMesh:
2020-03-16 23:58:48.061 writePoints: Mesh saved to the file E:\Users\Paulius\AppData\Roaming/Autodesk/Autodesk Fusion 360/API/AddIns/SaveMesh/SaveMesh_triangle.msh.
2020-03-16 23:58:48.061 saveActiveMesh: The mesh is saved.
2020-03-16 23:58:51.061 PollingTheApp: 4
2020-03-16 23:58:51.061 saveActiveMesh: saveActiveMesh()
2020-03-16 23:58:51.061 saveActiveMesh: Testing the product...
2020-03-16 23:58:51.062 saveActiveMesh: Testing the design...
2020-03-16 23:58:51.062 saveActiveMesh: Testing the root component...
2020-03-16 23:58:51.062 saveActiveMesh: Testing the mesh collection...
2020-03-16 23:58:51.062 saveActiveMesh: Writing meshes...
2020-03-16 23:58:51.063 saveActiveMesh: The mesh is saved.
2020-03-16 23:58:51.269 stop: SaveMesh stopped
2020-03-21 21:09:46.212 init: SaveMesh started
hread started
2020-03-21 21:09:46.227 PollingTheApp: 0
2020-03-21 21:09:46.227 saveActiveMesh: saveActiveMesh()
2020-03-21 21:09:46.227 saveActiveMesh: Testing the product...
2020-03-21 21:09:46.242 saveActiveMesh: Testing the design...
2020-03-21 21:09:46.242 saveActiveMesh: Testing the root component...
2020-03-21 21:09:46.328 saveActiveMesh: Testing the mesh collection...
2020-03-21 21:09:46.367 saveActiveMesh: Writing meshes...
2020-03-21 21:09:46.373 saveActiveMesh: The mesh 0: MeshBody1

2020-03-21 21:09:46.373 writeMeshBody: Looking for the PolygonMesh...
2020-03-21 21:09:46.374 writeMeshBody: Looking for the TriangleMesh...
2020-03-21 21:09:46.411 writePolygonMesh: triangles: 1344 4032
2020-03-21 21:09:46.441 writePolygonMesh: quads: 0 0
2020-03-21 21:09:46.441 writePolygonMesh: polygons: 0 0
2020-03-21 21:09:46.441 writePolygonMesh: PolygonMesh:
2020-03-21 21:09:46.595 writeTriangleMesh: TriangleMesh:
2020-03-21 21:09:46.705 closeMeshFile: Mesh saved to the file E:\Users\Paulius\AppData\Roaming/Autodesk/Autodesk Fusion 360/API/AddIns/SaveMesh/SaveMesh_triangle.msh.
2020-03-21 21:09:46.705 closeMeshFile: Mesh saved to the file E:\Users\Paulius\AppData\Roaming/Autodesk/Autodesk Fusion 360/API/AddIns/SaveMesh/SaveMesh_polygon.msh.
2020-03-21 21:09:46.705 saveActiveMesh: The mesh is saved.
2020-03-21 21:09:49.706 PollingTheApp: 1
2020-03-21 21:09:49.706 saveActiveMesh: saveActiveMesh()
2020-03-21 21:09:49.706 saveActiveMesh: Testing the product...
2020-03-21 21:09:49.707 saveActiveMesh: Testing the design...
2020-03-21 21:09:49.707 saveActiveMesh: Testing the root component...
2020-03-21 21:09:49.707 saveActiveMesh: Testing the mesh collection...
2020-03-21 21:09:49.708 saveActiveMesh: Writing meshes...
2020-03-21 21:09:49.708 saveActiveMesh: The mesh 0: MeshBody1

2020-03-21 21:09:49.708 writeMeshBody: Looking for the PolygonMesh...
2020-03-21 21:09:49.708 writeMeshBody: Looking for the TriangleMesh...
2020-03-21 21:09:49.709 writePolygonMesh: triangles: 1344 4032
2020-03-21 21:09:49.710 writePolygonMesh: quads: 0 0
2020-03-21 21:09:49.710 writePolygonMesh: polygons: 0 0
2020-03-21 21:09:49.710 writePolygonMesh: PolygonMesh:
2020-03-21 21:09:49.822 writeTriangleMesh: TriangleMesh:
2020-03-21 21:09:49.933 closeMeshFile: Mesh saved to the file E:\Users\Paulius\AppData\Roaming/Autodesk/Autodesk Fusion 360/API/AddIns/SaveMesh/SaveMesh_triangle.msh.
2020-03-21 21:09:49.933 closeMeshFile: Mesh saved to the file E:\Users\Paulius\AppData\Roaming/Autodesk/Autodesk Fusion 360/API/AddIns/SaveMesh/SaveMesh_polygon.msh.
2020-03-21 21:09:49.934 saveActiveMesh: The mesh is saved.
2020-03-21 21:09:52.934 PollingTheApp: 2
2020-03-21 21:09:52.934 saveActiveMesh: saveActiveMesh()
2020-03-21 21:09:52.934 saveActiveMesh: Testing the product...
2020-03-21 21:09:52.934 saveActiveMesh: Testing the design...
2020-03-21 21:09:52.935 saveActiveMesh: Testing the root component...
2020-03-21 21:09:52.935 saveActiveMesh: Testing the mesh collection...
2020-03-21 21:09:52.935 saveActiveMesh: Writing meshes...
2020-03-21 21:09:52.935 saveActiveMesh: The mesh 0: MeshBody1

2020-03-21 21:09:52.936 writeMeshBody: Looking for the PolygonMesh...
2020-03-21 21:09:52.936 writeMeshBody: Looking for the TriangleMesh...
2020-03-21 21:09:52.937 writePolygonMesh: triangles: 1344 4032
2020-03-21 21:09:52.937 writePolygonMesh: quads: 0 0
2020-03-21 21:09:52.937 writePolygonMesh: polygons: 0 0
2020-03-21 21:09:52.937 writePolygonMesh: PolygonMesh:
2020-03-21 21:09:53.049 writeTriangleMesh: TriangleMesh:
2020-03-21 21:09:53.160 closeMeshFile: Mesh saved to the file E:\Users\Paulius\AppData\Roaming/Autodesk/Autodesk Fusion 360/API/AddIns/SaveMesh/SaveMesh_triangle.msh.
2020-03-21 21:09:53.161 closeMeshFile: Mesh saved to the file E:\Users\Paulius\AppData\Roaming/Autodesk/Autodesk Fusion 360/API/AddIns/SaveMesh/SaveMesh_polygon.msh.
2020-03-21 21:09:53.161 saveActiveMesh: The mesh is saved.
2020-03-21 21:09:56.161 PollingTheApp: 3
2020-03-21 21:09:56.161 saveActiveMesh: saveActiveMesh()
2020-03-21 21:09:56.161 saveActiveMesh: Testing the product...
2020-03-21 21:09:56.161 saveActiveMesh: Testing the design...
2020-03-21 21:09:56.162 saveActiveMesh: Testing the root component...
2020-03-21 21:09:56.162 saveActiveMesh: Testing the mesh collection...
2020-03-21 21:09:56.162 saveActiveMesh: Writing meshes...
2020-03-21 21:09:56.163 saveActiveMesh: The mesh 0: MeshBody1

2020-03-21 21:09:56.163 writeMeshBody: Looking for the PolygonMesh...
2020-03-21 21:09:56.163 writeMeshBody: Looking for the TriangleMesh...
2020-03-21 21:09:56.164 writePolygonMesh: triangles: 1344 4032
2020-03-21 21:09:56.164 writePolygonMesh: quads: 0 0
2020-03-21 21:09:56.164 writePolygonMesh: polygons: 0 0
2020-03-21 21:09:56.164 writePolygonMesh: PolygonMesh:
2020-03-21 21:09:56.298 writeTriangleMesh: TriangleMesh:
2020-03-21 21:09:56.512 closeMeshFile: Mesh saved to the file E:\Users\Paulius\AppData\Roaming/Autodesk/Autodesk Fusion 360/API/AddIns/SaveMesh/SaveMesh_triangle.msh.
2020-03-21 21:09:56.512 closeMeshFile: Mesh saved to the file E:\Users\Paulius\AppData\Roaming/Autodesk/Autodesk Fusion 360/API/AddIns/SaveMesh/SaveMesh_polygon.msh.
2020-03-21 21:09:56.513 saveActiveMesh: The mesh is saved.
2020-03-21 21:09:59.416 stop: SaveMesh stopped
2020-03-21 23:14:58.747 init: SaveMesh started
hread started
2020-03-21 23:14:58.763 PollingTheApp: 0
2020-03-21 23:14:58.763 saveActiveMesh: saveActiveMesh()
2020-03-21 23:14:58.763 saveActiveMesh: Testing the product...
2020-03-21 23:14:58.774 saveActiveMesh: Testing the design...
2020-03-21 23:14:58.775 saveActiveMesh: Testing the root component...
2020-03-21 23:14:58.838 saveActiveMesh: Testing the mesh collection...
2020-03-21 23:14:58.912 saveActiveMesh: Calculating entities count...
2020-03-21 23:14:58.949 saveActiveMesh: The mesh 0 counts: MeshBody1

2020-03-21 23:14:58.949 countMeshBody: Looking for the PolygonMesh...
2020-03-21 23:14:58.966 countMeshBody: Looking for the TriangleMesh...
2020-03-21 23:14:58.988 countPolygonMesh: PolygonMesh points: 674
2020-03-21 23:14:59.065 countPolygonMesh: PolygonMesh triangles: 1344  vertices: 4032
2020-03-21 23:14:59.239 countPolygonMesh: PolygonMesh quads: 0  vertices: 0
2020-03-21 23:14:59.240 countPolygonMesh: PolygonMesh polygons: 0  vertices: 0
2020-03-21 23:14:59.271 countTriangleMesh: TriangleMesh points: 4032
2020-03-21 23:14:59.517 countTriangleMesh: TriangleMesh points count conflict: 674
2020-03-21 23:14:59.518 countTriangleMesh: TriangleMesh triangles: 1344  vertices: 4032
2020-03-21 23:14:59.712 saveActiveMesh: Writing meshes...
2020-03-21 23:14:59.712 saveActiveMesh: The mesh 0: MeshBody1

2020-03-21 23:14:59.712 writeMeshBody: Looking for the PolygonMesh...
2020-03-21 23:14:59.713 writeMeshBody: Looking for the TriangleMesh...
2020-03-21 23:14:59.713 writePolygonMesh: triangles: 1344 4032
2020-03-21 23:14:59.713 writePolygonMesh: quads: 0 0
2020-03-21 23:14:59.714 writePolygonMesh: polygons: 0 0
2020-03-21 23:14:59.714 writePolygonMesh: PolygonMesh:
2020-03-21 23:14:59.825 writeTriangleMesh: TriangleMesh:
2020-03-21 23:14:59.940 closeMeshFile: Mesh saved to the file E:\Users\Paulius\AppData\Roaming/Autodesk/Autodesk Fusion 360/API/AddIns/SaveMesh/SaveMesh_triangle.msh.
2020-03-21 23:14:59.940 closeMeshFile: Mesh saved to the file E:\Users\Paulius\AppData\Roaming/Autodesk/Autodesk Fusion 360/API/AddIns/SaveMesh/SaveMesh_polygon.msh.
2020-03-21 23:14:59.940 saveActiveMesh: The mesh is saved.
2020-03-21 23:15:02.940 PollingTheApp: 1
2020-03-21 23:15:02.940 saveActiveMesh: saveActiveMesh()
2020-03-21 23:15:02.940 saveActiveMesh: Testing the product...
2020-03-21 23:15:02.941 saveActiveMesh: Testing the design...
2020-03-21 23:15:02.941 saveActiveMesh: Testing the root component...
2020-03-21 23:15:02.941 saveActiveMesh: Testing the mesh collection...
2020-03-21 23:15:02.941 saveActiveMesh: Calculating entities count...
2020-03-21 23:15:02.942 saveActiveMesh: The mesh 0 counts: MeshBody1

2020-03-21 23:15:02.942 countMeshBody: Looking for the PolygonMesh...
2020-03-21 23:15:02.942 countMeshBody: Looking for the TriangleMesh...
2020-03-21 23:15:02.942 countPolygonMesh: PolygonMesh points: 674
2020-03-21 23:15:02.943 countPolygonMesh: PolygonMesh triangles: 1344  vertices: 4032
2020-03-21 23:15:02.943 countPolygonMesh: PolygonMesh quads: 0  vertices: 0
2020-03-21 23:15:02.943 countPolygonMesh: PolygonMesh polygons: 0  vertices: 0
2020-03-21 23:15:02.944 countTriangleMesh: TriangleMesh points: 4032
2020-03-21 23:15:02.945 countTriangleMesh: TriangleMesh points count conflict: 674
2020-03-21 23:15:02.946 countTriangleMesh: TriangleMesh triangles: 1344  vertices: 4032
2020-03-21 23:15:02.946 saveActiveMesh: Writing meshes...
2020-03-21 23:15:02.947 saveActiveMesh: The mesh 0: MeshBody1

2020-03-21 23:15:02.947 writeMeshBody: Looking for the PolygonMesh...
2020-03-21 23:15:02.947 writeMeshBody: Looking for the TriangleMesh...
2020-03-21 23:15:02.947 writePolygonMesh: triangles: 1344 4032
2020-03-21 23:15:02.948 writePolygonMesh: quads: 0 0
2020-03-21 23:15:02.948 writePolygonMesh: polygons: 0 0
2020-03-21 23:15:02.948 writePolygonMesh: PolygonMesh:
2020-03-21 23:15:03.065 writeTriangleMesh: TriangleMesh:
2020-03-21 23:15:03.176 closeMeshFile: Mesh saved to the file E:\Users\Paulius\AppData\Roaming/Autodesk/Autodesk Fusion 360/API/AddIns/SaveMesh/SaveMesh_triangle.msh.
2020-03-21 23:15:03.177 closeMeshFile: Mesh saved to the file E:\Users\Paulius\AppData\Roaming/Autodesk/Autodesk Fusion 360/API/AddIns/SaveMesh/SaveMesh_polygon.msh.
2020-03-21 23:15:03.177 saveActiveMesh: The mesh is saved.
2020-03-21 23:15:06.177 PollingTheApp: 2
2020-03-21 23:15:06.177 saveActiveMesh: saveActiveMesh()
2020-03-21 23:15:06.177 saveActiveMesh: Testing the product...
2020-03-21 23:15:06.177 saveActiveMesh: Testing the design...
2020-03-21 23:15:06.178 saveActiveMesh: Testing the root component...
2020-03-21 23:15:06.178 saveActiveMesh: Testing the mesh collection...
2020-03-21 23:15:06.179 saveActiveMesh: Calculating entities count...
2020-03-21 23:15:06.180 saveActiveMesh: The mesh 0 counts: MeshBody1

2020-03-21 23:15:06.180 countMeshBody: Looking for the PolygonMesh...
2020-03-21 23:15:06.180 countMeshBody: Looking for the TriangleMesh...
2020-03-21 23:15:06.180 countPolygonMesh: PolygonMesh points: 674
2020-03-21 23:15:06.181 countPolygonMesh: PolygonMesh triangles: 1344  vertices: 4032
2020-03-21 23:15:06.181 countPolygonMesh: PolygonMesh quads: 0  vertices: 0
2020-03-21 23:15:06.182 countPolygonMesh: PolygonMesh polygons: 0  vertices: 0
2020-03-21 23:15:06.182 countTriangleMesh: TriangleMesh points: 4032
2020-03-21 23:15:06.184 countTriangleMesh: TriangleMesh points count conflict: 674
2020-03-21 23:15:06.185 countTriangleMesh: TriangleMesh triangles: 1344  vertices: 4032
2020-03-21 23:15:06.185 saveActiveMesh: Writing meshes...
2020-03-21 23:15:06.185 saveActiveMesh: The mesh 0: MeshBody1

2020-03-21 23:15:06.186 writeMeshBody: Looking for the PolygonMesh...
2020-03-21 23:15:06.186 writeMeshBody: Looking for the TriangleMesh...
2020-03-21 23:15:06.186 writePolygonMesh: triangles: 1344 4032
2020-03-21 23:15:06.187 writePolygonMesh: quads: 0 0
2020-03-21 23:15:06.187 writePolygonMesh: polygons: 0 0
2020-03-21 23:15:06.187 writePolygonMesh: PolygonMesh:
2020-03-21 23:15:06.304 writeTriangleMesh: TriangleMesh:
2020-03-21 23:15:06.420 closeMeshFile: Mesh saved to the file E:\Users\Paulius\AppData\Roaming/Autodesk/Autodesk Fusion 360/API/AddIns/SaveMesh/SaveMesh_triangle.msh.
2020-03-21 23:15:06.421 closeMeshFile: Mesh saved to the file E:\Users\Paulius\AppData\Roaming/Autodesk/Autodesk Fusion 360/API/AddIns/SaveMesh/SaveMesh_polygon.msh.
2020-03-21 23:15:06.421 saveActiveMesh: The mesh is saved.
2020-03-21 23:15:09.422 PollingTheApp: 3
2020-03-21 23:15:09.431 saveActiveMesh: saveActiveMesh()
2020-03-21 23:15:09.443 saveActiveMesh: Testing the product...
2020-03-21 23:15:09.444 saveActiveMesh: Testing the design...
2020-03-21 23:15:09.444 saveActiveMesh: Testing the root component...
2020-03-21 23:15:09.444 saveActiveMesh: Testing the mesh collection...
2020-03-21 23:15:09.445 saveActiveMesh: Calculating entities count...
2020-03-21 23:15:09.445 saveActiveMesh: Writing meshes...
2020-03-21 23:15:09.445 closeMeshFile: Mesh saved to the file E:\Users\Paulius\AppData\Roaming/Autodesk/Autodesk Fusion 360/API/AddIns/SaveMesh/SaveMesh_triangle.msh.
2020-03-21 23:15:09.445 closeMeshFile: Mesh saved to the file E:\Users\Paulius\AppData\Roaming/Autodesk/Autodesk Fusion 360/API/AddIns/SaveMesh/SaveMesh_polygon.msh.
2020-03-21 23:15:09.446 saveActiveMesh: The mesh is saved.
2020-03-21 23:15:11.418 stop: SaveMesh stopped
2020-03-21 23:35:18.863 init: SaveMesh started
hread started
2020-03-21 23:35:18.866 PollingTheApp: 0
2020-03-21 23:35:18.866 saveActiveMesh: saveActiveMesh()
2020-03-21 23:35:18.867 saveActiveMesh: Testing the product...
2020-03-21 23:35:18.867 saveActiveMesh: Testing the design...
2020-03-21 23:35:18.867 saveActiveMesh: Testing the root component...
2020-03-21 23:35:18.867 saveActiveMesh: Testing the mesh collection...
2020-03-21 23:35:18.867 saveActiveMesh: Calculating entities count...
2020-03-21 23:35:18.868 saveActiveMesh: The mesh 0 (MeshBody1) counts: 

2020-03-21 23:35:18.868 countMeshBody: Looking for the PolygonMesh...
2020-03-21 23:35:18.868 countMeshBody: Looking for the TriangleMesh...
2020-03-21 23:35:18.868 countPolygonMesh: PolygonMesh points: 674
2020-03-21 23:35:18.869 countPolygonMesh: PolygonMesh triangles: 1344  vertices: 4032
2020-03-21 23:35:18.869 countPolygonMesh: PolygonMesh quads: 0  vertices: 0
2020-03-21 23:35:18.869 countPolygonMesh: PolygonMesh polygons: 0  vertices: 0
2020-03-21 23:35:18.871 countTriangleMesh: TriangleMesh points: 4032
2020-03-21 23:35:18.872 countTriangleMesh: TriangleMesh points count conflict: 674
2020-03-21 23:35:18.872 countTriangleMesh: TriangleMesh triangles: 1344  vertices: 4032
2020-03-21 23:35:18.873 saveActiveMesh: Writing meshes...
2020-03-21 23:35:18.873 saveActiveMesh: The mesh 0: MeshBody1

2020-03-21 23:35:18.873 writeMeshBody: Looking for the PolygonMesh...
2020-03-21 23:35:18.874 writeMeshBody: Looking for the TriangleMesh...
2020-03-21 23:35:18.874 writePolygonMesh: triangles: 1344 4032
2020-03-21 23:35:18.875 writePolygonMesh: quads: 0 0
2020-03-21 23:35:18.875 writePolygonMesh: polygons: 0 0
2020-03-21 23:35:18.875 writePolygonMesh: PolygonMesh:
2020-03-21 23:35:19.001 writeTriangleMesh: TriangleMesh:
2020-03-21 23:35:19.129 closeMeshFile: Mesh saved to the file E:\Users\Paulius\AppData\Roaming/Autodesk/Autodesk Fusion 360/API/AddIns/SaveMesh/SaveMesh_triangle.msh.
2020-03-21 23:35:19.130 closeMeshFile: Mesh saved to the file E:\Users\Paulius\AppData\Roaming/Autodesk/Autodesk Fusion 360/API/AddIns/SaveMesh/SaveMesh_polygon.msh.
2020-03-21 23:35:19.130 saveActiveMesh: The mesh is saved.
2020-03-21 23:35:22.130 PollingTheApp: 1
2020-03-21 23:35:22.130 saveActiveMesh: saveActiveMesh()
2020-03-21 23:35:22.130 saveActiveMesh: Testing the product...
2020-03-21 23:35:22.130 saveActiveMesh: Testing the design...
2020-03-21 23:35:22.131 saveActiveMesh: Testing the root component...
2020-03-21 23:35:22.131 saveActiveMesh: Testing the mesh collection...
2020-03-21 23:35:22.131 saveActiveMesh: Calculating entities count...
2020-03-21 23:35:22.131 saveActiveMesh: The mesh 0 (MeshBody1) counts: 

2020-03-21 23:35:22.131 countMeshBody: Looking for the PolygonMesh...
2020-03-21 23:35:22.131 countMeshBody: Looking for the TriangleMesh...
2020-03-21 23:35:22.132 countPolygonMesh: PolygonMesh points: 674
2020-03-21 23:35:22.132 countPolygonMesh: PolygonMesh triangles: 1344  vertices: 4032
2020-03-21 23:35:22.133 countPolygonMesh: PolygonMesh quads: 0  vertices: 0
2020-03-21 23:35:22.133 countPolygonMesh: PolygonMesh polygons: 0  vertices: 0
2020-03-21 23:35:22.135 countTriangleMesh: TriangleMesh points: 4032
2020-03-21 23:35:22.135 countTriangleMesh: TriangleMesh points count conflict: 674
2020-03-21 23:35:22.136 countTriangleMesh: TriangleMesh triangles: 1344  vertices: 4032
2020-03-21 23:35:22.137 saveActiveMesh: Writing meshes...
2020-03-21 23:35:22.137 saveActiveMesh: The mesh 0: MeshBody1

2020-03-21 23:35:22.137 writeMeshBody: Looking for the PolygonMesh...
2020-03-21 23:35:22.137 writeMeshBody: Looking for the TriangleMesh...
2020-03-21 23:35:22.138 writePolygonMesh: triangles: 1344 4032
2020-03-21 23:35:22.138 writePolygonMesh: quads: 0 0
2020-03-21 23:35:22.139 writePolygonMesh: polygons: 0 0
2020-03-21 23:35:22.139 writePolygonMesh: PolygonMesh:
2020-03-21 23:35:22.281 writeTriangleMesh: TriangleMesh:
2020-03-21 23:35:22.417 closeMeshFile: Mesh saved to the file E:\Users\Paulius\AppData\Roaming/Autodesk/Autodesk Fusion 360/API/AddIns/SaveMesh/SaveMesh_triangle.msh.
2020-03-21 23:35:22.417 closeMeshFile: Mesh saved to the file E:\Users\Paulius\AppData\Roaming/Autodesk/Autodesk Fusion 360/API/AddIns/SaveMesh/SaveMesh_polygon.msh.
2020-03-21 23:35:22.417 saveActiveMesh: The mesh is saved.
2020-03-21 23:35:25.419 PollingTheApp: 2
2020-03-21 23:35:25.419 saveActiveMesh: saveActiveMesh()
2020-03-21 23:35:25.419 saveActiveMesh: Testing the product...
2020-03-21 23:35:25.419 saveActiveMesh: Testing the design...
2020-03-21 23:35:25.420 saveActiveMesh: Testing the root component...
2020-03-21 23:35:25.420 saveActiveMesh: Testing the mesh collection...
2020-03-21 23:35:25.420 saveActiveMesh: Calculating entities count...
2020-03-21 23:35:25.420 saveActiveMesh: The mesh 0 (MeshBody1) counts: 

2020-03-21 23:35:25.420 countMeshBody: Looking for the PolygonMesh...
2020-03-21 23:35:25.421 countMeshBody: Looking for the TriangleMesh...
2020-03-21 23:35:25.421 countPolygonMesh: PolygonMesh points: 674
2020-03-21 23:35:25.422 countPolygonMesh: PolygonMesh triangles: 1344  vertices: 4032
2020-03-21 23:35:25.422 countPolygonMesh: PolygonMesh quads: 0  vertices: 0
2020-03-21 23:35:25.422 countPolygonMesh: PolygonMesh polygons: 0  vertices: 0
2020-03-21 23:35:25.424 countTriangleMesh: TriangleMesh points: 4032
2020-03-21 23:35:25.424 countTriangleMesh: TriangleMesh points count conflict: 674
2020-03-21 23:35:25.425 countTriangleMesh: TriangleMesh triangles: 1344  vertices: 4032
2020-03-21 23:35:25.425 saveActiveMesh: Writing meshes...
2020-03-21 23:35:25.426 saveActiveMesh: The mesh 0: MeshBody1

2020-03-21 23:35:25.426 writeMeshBody: Looking for the PolygonMesh...
2020-03-21 23:35:25.426 writeMeshBody: Looking for the TriangleMesh...
2020-03-21 23:35:25.426 writePolygonMesh: triangles: 1344 4032
2020-03-21 23:35:25.427 writePolygonMesh: quads: 0 0
2020-03-21 23:35:25.427 writePolygonMesh: polygons: 0 0
2020-03-21 23:35:25.427 writePolygonMesh: PolygonMesh:
2020-03-21 23:35:25.554 writeTriangleMesh: TriangleMesh:
2020-03-21 23:35:25.697 closeMeshFile: Mesh saved to the file E:\Users\Paulius\AppData\Roaming/Autodesk/Autodesk Fusion 360/API/AddIns/SaveMesh/SaveMesh_triangle.msh.
2020-03-21 23:35:25.698 closeMeshFile: Mesh saved to the file E:\Users\Paulius\AppData\Roaming/Autodesk/Autodesk Fusion 360/API/AddIns/SaveMesh/SaveMesh_polygon.msh.
2020-03-21 23:35:25.698 saveActiveMesh: The mesh is saved.
2020-03-21 23:35:27.807 stop: SaveMesh stopped
2020-03-22 22:18:44.081 PollingTheApp: Polling thread started
2020-03-22 22:18:44.100 PollingTheApp: 0
2020-03-22 22:18:44.100 saveActiveMesh: saveActiveMesh()
2020-03-22 22:18:44.101 saveActiveMesh: Testing the product...
2020-03-22 22:18:44.112 saveActiveMesh: Testing the design...
2020-03-22 22:18:44.112 saveActiveMesh: Testing the root component...
2020-03-22 22:18:44.187 saveActiveMesh: Testing the mesh collection...
2020-03-22 22:18:44.214 saveActiveMesh: Calculating entities count...
2020-03-22 22:18:44.229 saveActiveMesh: The mesh 0 (MeshBody1) counts: 

2020-03-22 22:18:44.230 countMeshBody: Looking for the PolygonMesh...
2020-03-22 22:18:44.248 countMeshBody: Looking for the TriangleMesh...
2020-03-22 22:18:44.296 countPolygonMesh: PolygonMesh points: 674
2020-03-22 22:18:44.314 countPolygonMesh: PolygonMesh triangles: 1344  vertices: 4032
2020-03-22 22:18:44.460 countPolygonMesh: PolygonMesh quads: 0  vertices: 0
2020-03-22 22:18:44.461 countPolygonMesh: PolygonMesh polygons: 0  vertices: 0
2020-03-22 22:18:44.730 countTriangleMesh: TriangleMesh points: 4032
2020-03-22 22:18:44.731 countTriangleMesh: TriangleMesh points count conflict: 674
2020-03-22 22:18:44.731 countTriangleMesh: TriangleMesh triangles: 1344  vertices: 4032
2020-03-22 22:18:44.751 saveActiveMesh: Writing meshes...
2020-03-22 22:18:44.751 saveActiveMesh: The mesh 0: MeshBody1

2020-03-22 22:18:44.751 writeMeshBodyPoints: Looking for the PolygonMesh...
2020-03-22 22:18:44.752 writeMeshBodyPoints: Looking for the TriangleMesh...
2020-03-22 22:18:44.752 writePolygonMeshPoints: Writing PolygonMesh points...
2020-03-22 22:18:44.807 writeTriangleMeshPoints: Writing TriangleMesh points...
2020-03-22 22:18:44.860 saveActiveMesh: Writing meshes...
2020-03-22 22:18:44.860 saveActiveMesh: The mesh 0: MeshBody1

2020-03-22 22:18:44.861 writeMeshBodyElems: Looking for the PolygonMesh...
2020-03-22 22:18:44.861 writeMeshBodyElems: Looking for the TriangleMesh...
2020-03-22 22:18:44.861 writePolygonMeshElems: Write PolygonMesh elems...
2020-03-22 22:18:44.918 writeTriangleMeshElems: Writing TriangleMesh elems...
2020-03-22 22:18:44.975 closeMeshFile: Mesh saved to the file E:\Users\Paulius\AppData\Roaming/Autodesk/Autodesk Fusion 360/API/AddIns/SaveMesh/SaveMesh_triangle.msh.
2020-03-22 22:18:44.976 closeMeshFile: Mesh saved to the file E:\Users\Paulius\AppData\Roaming/Autodesk/Autodesk Fusion 360/API/AddIns/SaveMesh/SaveMesh_polygon.msh.
2020-03-22 22:18:44.976 saveActiveMesh: The mesh is saved.
2020-03-22 22:18:47.976 PollingTheApp: 1
2020-03-22 22:18:47.976 saveActiveMesh: saveActiveMesh()
2020-03-22 22:18:47.976 saveActiveMesh: Testing the product...
2020-03-22 22:18:47.976 saveActiveMesh: Testing the design...
2020-03-22 22:18:47.977 saveActiveMesh: Testing the root component...
2020-03-22 22:18:47.977 saveActiveMesh: Testing the mesh collection...
2020-03-22 22:18:47.977 saveActiveMesh: Calculating entities count...
2020-03-22 22:18:47.977 saveActiveMesh: The mesh 0 (MeshBody1) counts: 

2020-03-22 22:18:47.977 countMeshBody: Looking for the PolygonMesh...
2020-03-22 22:18:47.977 countMeshBody: Looking for the TriangleMesh...
2020-03-22 22:18:47.978 countPolygonMesh: PolygonMesh points: 674
2020-03-22 22:18:47.978 countPolygonMesh: PolygonMesh triangles: 1344  vertices: 4032
2020-03-22 22:18:47.979 countPolygonMesh: PolygonMesh quads: 0  vertices: 0
2020-03-22 22:18:47.979 countPolygonMesh: PolygonMesh polygons: 0  vertices: 0
2020-03-22 22:18:47.981 countTriangleMesh: TriangleMesh points: 4032
2020-03-22 22:18:47.981 countTriangleMesh: TriangleMesh points count conflict: 674
2020-03-22 22:18:47.981 countTriangleMesh: TriangleMesh triangles: 1344  vertices: 4032
2020-03-22 22:18:47.982 saveActiveMesh: Writing meshes...
2020-03-22 22:18:47.983 saveActiveMesh: The mesh 0: MeshBody1

2020-03-22 22:18:47.983 writeMeshBodyPoints: Looking for the PolygonMesh...
2020-03-22 22:18:47.983 writeMeshBodyPoints: Looking for the TriangleMesh...
2020-03-22 22:18:47.983 writePolygonMeshPoints: Writing PolygonMesh points...
2020-03-22 22:18:48.040 writeTriangleMeshPoints: Writing TriangleMesh points...
2020-03-22 22:18:48.093 saveActiveMesh: Writing meshes...
2020-03-22 22:18:48.094 saveActiveMesh: The mesh 0: MeshBody1

2020-03-22 22:18:48.094 writeMeshBodyElems: Looking for the PolygonMesh...
2020-03-22 22:18:48.095 writeMeshBodyElems: Looking for the TriangleMesh...
2020-03-22 22:18:48.095 writePolygonMeshElems: Write PolygonMesh elems...
2020-03-22 22:18:48.151 writeTriangleMeshElems: Writing TriangleMesh elems...
2020-03-22 22:18:48.209 closeMeshFile: Mesh saved to the file E:\Users\Paulius\AppData\Roaming/Autodesk/Autodesk Fusion 360/API/AddIns/SaveMesh/SaveMesh_triangle.msh.
2020-03-22 22:18:48.210 closeMeshFile: Mesh saved to the file E:\Users\Paulius\AppData\Roaming/Autodesk/Autodesk Fusion 360/API/AddIns/SaveMesh/SaveMesh_polygon.msh.
2020-03-22 22:18:48.210 saveActiveMesh: The mesh is saved.
2020-03-22 22:18:51.211 PollingTheApp: 2
2020-03-22 22:18:51.211 saveActiveMesh: saveActiveMesh()
2020-03-22 22:18:51.211 saveActiveMesh: Testing the product...
2020-03-22 22:18:51.211 saveActiveMesh: Testing the design...
2020-03-22 22:18:51.212 saveActiveMesh: Testing the root component...
2020-03-22 22:18:51.212 saveActiveMesh: Testing the mesh collection...
2020-03-22 22:18:51.212 saveActiveMesh: Calculating entities count...
2020-03-22 22:18:51.212 saveActiveMesh: The mesh 0 (MeshBody1) counts: 

2020-03-22 22:18:51.212 countMeshBody: Looking for the PolygonMesh...
2020-03-22 22:18:51.212 countMeshBody: Looking for the TriangleMesh...
2020-03-22 22:18:51.213 countPolygonMesh: PolygonMesh points: 674
2020-03-22 22:18:51.213 countPolygonMesh: PolygonMesh triangles: 1344  vertices: 4032
2020-03-22 22:18:51.214 countPolygonMesh: PolygonMesh quads: 0  vertices: 0
2020-03-22 22:18:51.214 countPolygonMesh: PolygonMesh polygons: 0  vertices: 0
2020-03-22 22:18:51.216 countTriangleMesh: TriangleMesh points: 4032
2020-03-22 22:18:51.216 countTriangleMesh: TriangleMesh points count conflict: 674
2020-03-22 22:18:51.217 countTriangleMesh: TriangleMesh triangles: 1344  vertices: 4032
2020-03-22 22:18:51.217 saveActiveMesh: Writing meshes...
2020-03-22 22:18:51.218 saveActiveMesh: The mesh 0: MeshBody1

2020-03-22 22:18:51.218 writeMeshBodyPoints: Looking for the PolygonMesh...
2020-03-22 22:18:51.218 writeMeshBodyPoints: Looking for the TriangleMesh...
2020-03-22 22:18:51.219 writePolygonMeshPoints: Writing PolygonMesh points...
2020-03-22 22:18:51.275 writeTriangleMeshPoints: Writing TriangleMesh points...
2020-03-22 22:18:51.364 saveActiveMesh: Writing meshes...
2020-03-22 22:18:51.364 saveActiveMesh: The mesh 0: MeshBody1

2020-03-22 22:18:51.364 writeMeshBodyElems: Looking for the PolygonMesh...
2020-03-22 22:18:51.364 writeMeshBodyElems: Looking for the TriangleMesh...
2020-03-22 22:18:51.365 writePolygonMeshElems: Write PolygonMesh elems...
2020-03-22 22:18:51.419 writeTriangleMeshElems: Writing TriangleMesh elems...
2020-03-22 22:18:51.476 closeMeshFile: Mesh saved to the file E:\Users\Paulius\AppData\Roaming/Autodesk/Autodesk Fusion 360/API/AddIns/SaveMesh/SaveMesh_triangle.msh.
2020-03-22 22:18:51.477 closeMeshFile: Mesh saved to the file E:\Users\Paulius\AppData\Roaming/Autodesk/Autodesk Fusion 360/API/AddIns/SaveMesh/SaveMesh_polygon.msh.
2020-03-22 22:18:51.477 saveActiveMesh: The mesh is saved.
2020-03-22 22:18:54.478 PollingTheApp: 3
2020-03-22 22:18:54.478 saveActiveMesh: saveActiveMesh()
2020-03-22 22:18:54.478 saveActiveMesh: Testing the product...
2020-03-22 22:18:54.478 saveActiveMesh: Testing the design...
2020-03-22 22:18:54.479 saveActiveMesh: Testing the root component...
2020-03-22 22:18:54.479 saveActiveMesh: Testing the mesh collection...
2020-03-22 22:18:54.479 saveActiveMesh: Calculating entities count...
2020-03-22 22:18:54.479 saveActiveMesh: The mesh 0 (MeshBody1) counts: 

2020-03-22 22:18:54.480 countMeshBody: Looking for the PolygonMesh...
2020-03-22 22:18:54.480 countMeshBody: Looking for the TriangleMesh...
2020-03-22 22:18:54.480 countPolygonMesh: PolygonMesh points: 674
2020-03-22 22:18:54.481 countPolygonMesh: PolygonMesh triangles: 1344  vertices: 4032
2020-03-22 22:18:54.481 countPolygonMesh: PolygonMesh quads: 0  vertices: 0
2020-03-22 22:18:54.481 countPolygonMesh: PolygonMesh polygons: 0  vertices: 0
2020-03-22 22:18:54.483 countTriangleMesh: TriangleMesh points: 4032
2020-03-22 22:18:54.483 countTriangleMesh: TriangleMesh points count conflict: 674
2020-03-22 22:18:54.484 countTriangleMesh: TriangleMesh triangles: 1344  vertices: 4032
2020-03-22 22:18:54.485 saveActiveMesh: Writing meshes...
2020-03-22 22:18:54.485 saveActiveMesh: The mesh 0: MeshBody1

2020-03-22 22:18:54.485 writeMeshBodyPoints: Looking for the PolygonMesh...
2020-03-22 22:18:54.485 writeMeshBodyPoints: Looking for the TriangleMesh...
2020-03-22 22:18:54.486 writePolygonMeshPoints: Writing PolygonMesh points...
2020-03-22 22:18:54.547 writeTriangleMeshPoints: Writing TriangleMesh points...
2020-03-22 22:18:54.609 saveActiveMesh: Writing meshes...
2020-03-22 22:18:54.609 saveActiveMesh: The mesh 0: MeshBody1

2020-03-22 22:18:54.610 writeMeshBodyElems: Looking for the PolygonMesh...
2020-03-22 22:18:54.610 writeMeshBodyElems: Looking for the TriangleMesh...
2020-03-22 22:18:54.610 writePolygonMeshElems: Write PolygonMesh elems...
2020-03-22 22:18:54.667 writeTriangleMeshElems: Writing TriangleMesh elems...
2020-03-22 22:18:54.726 closeMeshFile: Mesh saved to the file E:\Users\Paulius\AppData\Roaming/Autodesk/Autodesk Fusion 360/API/AddIns/SaveMesh/SaveMesh_triangle.msh.
2020-03-22 22:18:54.726 closeMeshFile: Mesh saved to the file E:\Users\Paulius\AppData\Roaming/Autodesk/Autodesk Fusion 360/API/AddIns/SaveMesh/SaveMesh_polygon.msh.
2020-03-22 22:18:54.727 saveActiveMesh: The mesh is saved.
2020-03-22 22:18:57.727 PollingTheApp: 4
2020-03-22 22:18:57.727 saveActiveMesh: saveActiveMesh()
2020-03-22 22:18:57.727 saveActiveMesh: Testing the product...
2020-03-22 22:18:57.727 saveActiveMesh: Testing the design...
2020-03-22 22:18:57.728 saveActiveMesh: Testing the root component...
2020-03-22 22:18:57.728 saveActiveMesh: Testing the mesh collection...
2020-03-22 22:18:57.728 saveActiveMesh: Calculating entities count...
2020-03-22 22:18:57.728 saveActiveMesh: The mesh is empty!
2020-03-22 22:18:57.728 saveActiveMesh: Error!
2020-03-22 22:18:57.936 stop: SaveMesh stopped
2020-03-22 22:28:50.244 init: SaveMesh started
2020-03-22 22:28:50.246 PollingTheApp: Polling thread started
2020-03-22 22:28:50.246 PollingTheApp: 0
2020-03-22 22:28:50.246 saveActiveMesh: saveActiveMesh()
2020-03-22 22:28:50.247 saveActiveMesh: Testing the product...
2020-03-22 22:28:50.247 saveActiveMesh: Testing the design...
2020-03-22 22:28:50.247 saveActiveMesh: Testing the root component...
2020-03-22 22:28:50.248 saveActiveMesh: Testing the mesh collection...
2020-03-22 22:28:50.248 saveActiveMesh: Calculating entities count...
2020-03-22 22:28:50.249 saveActiveMesh: The mesh 0 (MeshBody1) counts: 

2020-03-22 22:28:50.249 countMeshBody: Looking for the PolygonMesh...
2020-03-22 22:28:50.249 countMeshBody: Looking for the TriangleMesh...
2020-03-22 22:28:50.250 countPolygonMesh: PolygonMesh points: 674
2020-03-22 22:28:50.251 countPolygonMesh: PolygonMesh triangles: 1344  vertices: 4032
2020-03-22 22:28:50.251 countPolygonMesh: PolygonMesh quads: 0  vertices: 0
2020-03-22 22:28:50.252 countPolygonMesh: PolygonMesh polygons: 0  vertices: 0
2020-03-22 22:28:50.253 countTriangleMesh: TriangleMesh points: 4032
2020-03-22 22:28:50.253 countTriangleMesh: TriangleMesh points count conflict: 674
2020-03-22 22:28:50.254 countTriangleMesh: TriangleMesh triangles: 1344  vertices: 4032
2020-03-22 22:28:50.255 saveActiveMesh: Writing meshes...
2020-03-22 22:28:50.255 saveActiveMesh: The mesh 0: MeshBody1

2020-03-22 22:28:50.255 writeMeshBodyPoints: Looking for the PolygonMesh...
2020-03-22 22:28:50.255 writeMeshBodyPoints: Looking for the TriangleMesh...
2020-03-22 22:28:50.256 writePolygonMeshPoints: Writing PolygonMesh points...
2020-03-22 22:28:50.321 writeTriangleMeshPoints: Writing TriangleMesh points...
2020-03-22 22:28:50.383 saveActiveMesh: Writing meshes...
2020-03-22 22:28:50.383 saveActiveMesh: The mesh 0: MeshBody1

2020-03-22 22:28:50.384 writeMeshBodyElems: Looking for the PolygonMesh...
2020-03-22 22:28:50.384 writeMeshBodyElems: Looking for the TriangleMesh...
2020-03-22 22:28:50.384 writePolygonMeshElems: Write PolygonMesh elems...
2020-03-22 22:28:50.446 writeTriangleMeshElems: Writing TriangleMesh elems...
2020-03-22 22:28:50.505 closeMeshFile: Mesh saved to the file E:\Users\Paulius\AppData\Roaming/Autodesk/Autodesk Fusion 360/API/AddIns/SaveMesh/SaveMesh_triangle.msh.
2020-03-22 22:28:50.506 closeMeshFile: Mesh saved to the file E:\Users\Paulius\AppData\Roaming/Autodesk/Autodesk Fusion 360/API/AddIns/SaveMesh/SaveMesh_polygon.msh.
2020-03-22 22:28:50.506 saveActiveMesh: The mesh is saved.
2020-03-22 22:28:53.506 PollingTheApp: 1
2020-03-22 22:28:53.506 saveActiveMesh: saveActiveMesh()
2020-03-22 22:28:53.506 saveActiveMesh: Testing the product...
2020-03-22 22:28:53.506 saveActiveMesh: Testing the design...
2020-03-22 22:28:53.506 saveActiveMesh: Testing the root component...
2020-03-22 22:28:53.507 saveActiveMesh: Testing the mesh collection...
2020-03-22 22:28:53.507 saveActiveMesh: Calculating entities count...
2020-03-22 22:28:53.507 saveActiveMesh: The mesh 0 (MeshBody1) counts: 

2020-03-22 22:28:53.507 countMeshBody: Looking for the PolygonMesh...
2020-03-22 22:28:53.507 countMeshBody: Looking for the TriangleMesh...
2020-03-22 22:28:53.508 countPolygonMesh: PolygonMesh points: 674
2020-03-22 22:28:53.508 countPolygonMesh: PolygonMesh triangles: 1344  vertices: 4032
2020-03-22 22:28:53.509 countPolygonMesh: PolygonMesh quads: 0  vertices: 0
2020-03-22 22:28:53.509 countPolygonMesh: PolygonMesh polygons: 0  vertices: 0
2020-03-22 22:28:53.511 countTriangleMesh: TriangleMesh points: 4032
2020-03-22 22:28:53.511 countTriangleMesh: TriangleMesh points count conflict: 674
2020-03-22 22:28:53.512 countTriangleMesh: TriangleMesh triangles: 1344  vertices: 4032
2020-03-22 22:28:53.516 saveActiveMesh: Writing meshes...
2020-03-22 22:28:53.517 saveActiveMesh: The mesh 0: MeshBody1

2020-03-22 22:28:53.517 writeMeshBodyPoints: Looking for the PolygonMesh...
2020-03-22 22:28:53.517 writeMeshBodyPoints: Looking for the TriangleMesh...
2020-03-22 22:28:53.518 writePolygonMeshPoints: Writing PolygonMesh points...
2020-03-22 22:28:53.574 writeTriangleMeshPoints: Writing TriangleMesh points...
2020-03-22 22:28:53.626 saveActiveMesh: Writing meshes...
2020-03-22 22:28:53.626 saveActiveMesh: The mesh 0: MeshBody1

2020-03-22 22:28:53.626 writeMeshBodyElems: Looking for the PolygonMesh...
2020-03-22 22:28:53.627 writeMeshBodyElems: Looking for the TriangleMesh...
2020-03-22 22:28:53.627 writePolygonMeshElems: Write PolygonMesh elems...
2020-03-22 22:28:53.685 writeTriangleMeshElems: Writing TriangleMesh elems...
2020-03-22 22:28:53.742 closeMeshFile: Mesh saved to the file E:\Users\Paulius\AppData\Roaming/Autodesk/Autodesk Fusion 360/API/AddIns/SaveMesh/SaveMesh_triangle.msh.
2020-03-22 22:28:53.742 closeMeshFile: Mesh saved to the file E:\Users\Paulius\AppData\Roaming/Autodesk/Autodesk Fusion 360/API/AddIns/SaveMesh/SaveMesh_polygon.msh.
2020-03-22 22:28:53.742 saveActiveMesh: The mesh is saved.
2020-03-22 22:28:56.742 PollingTheApp: 2
2020-03-22 22:28:56.742 saveActiveMesh: saveActiveMesh()
2020-03-22 22:28:56.742 saveActiveMesh: Testing the product...
2020-03-22 22:28:56.742 saveActiveMesh: Testing the design...
2020-03-22 22:28:56.743 saveActiveMesh: Testing the root component...
2020-03-22 22:28:56.743 saveActiveMesh: Testing the mesh collection...
2020-03-22 22:28:56.743 saveActiveMesh: Calculating entities count...
2020-03-22 22:28:56.743 saveActiveMesh: The mesh 0 (MeshBody1) counts: 

2020-03-22 22:28:56.743 countMeshBody: Looking for the PolygonMesh...
2020-03-22 22:28:56.743 countMeshBody: Looking for the TriangleMesh...
2020-03-22 22:28:56.744 countPolygonMesh: PolygonMesh points: 674
2020-03-22 22:28:56.744 countPolygonMesh: PolygonMesh triangles: 1344  vertices: 4032
2020-03-22 22:28:56.745 countPolygonMesh: PolygonMesh quads: 0  vertices: 0
2020-03-22 22:28:56.745 countPolygonMesh: PolygonMesh polygons: 0  vertices: 0
2020-03-22 22:28:56.747 countTriangleMesh: TriangleMesh points: 4032
2020-03-22 22:28:56.747 countTriangleMesh: TriangleMesh points count conflict: 674
2020-03-22 22:28:56.748 countTriangleMesh: TriangleMesh triangles: 1344  vertices: 4032
2020-03-22 22:28:56.748 saveActiveMesh: Writing meshes...
2020-03-22 22:28:56.749 saveActiveMesh: The mesh 0: MeshBody1

2020-03-22 22:28:56.749 writeMeshBodyPoints: Looking for the PolygonMesh...
2020-03-22 22:28:56.749 writeMeshBodyPoints: Looking for the TriangleMesh...
2020-03-22 22:28:56.750 writePolygonMeshPoints: Writing PolygonMesh points...
2020-03-22 22:28:56.805 writeTriangleMeshPoints: Writing TriangleMesh points...
2020-03-22 22:28:56.858 saveActiveMesh: Writing meshes...
2020-03-22 22:28:56.858 saveActiveMesh: The mesh 0: MeshBody1

2020-03-22 22:28:56.859 writeMeshBodyElems: Looking for the PolygonMesh...
2020-03-22 22:28:56.859 writeMeshBodyElems: Looking for the TriangleMesh...
2020-03-22 22:28:56.859 writePolygonMeshElems: Write PolygonMesh elems...
2020-03-22 22:28:56.922 writeTriangleMeshElems: Writing TriangleMesh elems...
2020-03-22 22:28:56.982 closeMeshFile: Mesh saved to the file E:\Users\Paulius\AppData\Roaming/Autodesk/Autodesk Fusion 360/API/AddIns/SaveMesh/SaveMesh_triangle.msh.
2020-03-22 22:28:56.982 closeMeshFile: Mesh saved to the file E:\Users\Paulius\AppData\Roaming/Autodesk/Autodesk Fusion 360/API/AddIns/SaveMesh/SaveMesh_polygon.msh.
2020-03-22 22:28:56.982 saveActiveMesh: The mesh is saved.
2020-03-22 22:28:59.982 PollingTheApp: 3
2020-03-22 22:28:59.982 saveActiveMesh: saveActiveMesh()
2020-03-22 22:28:59.982 saveActiveMesh: Testing the product...
2020-03-22 22:28:59.982 saveActiveMesh: Testing the design...
2020-03-22 22:28:59.983 saveActiveMesh: Testing the root component...
2020-03-22 22:28:59.983 saveActiveMesh: Testing the mesh collection...
2020-03-22 22:28:59.983 saveActiveMesh: Calculating entities count...
2020-03-22 22:28:59.983 saveActiveMesh: The mesh 0 (MeshBody1) counts: 

2020-03-22 22:28:59.983 countMeshBody: Looking for the PolygonMesh...
2020-03-22 22:28:59.983 countMeshBody: Looking for the TriangleMesh...
2020-03-22 22:28:59.984 countPolygonMesh: PolygonMesh points: 674
2020-03-22 22:28:59.984 countPolygonMesh: PolygonMesh triangles: 1344  vertices: 4032
2020-03-22 22:28:59.985 countPolygonMesh: PolygonMesh quads: 0  vertices: 0
2020-03-22 22:28:59.985 countPolygonMesh: PolygonMesh polygons: 0  vertices: 0
2020-03-22 22:28:59.987 countTriangleMesh: TriangleMesh points: 4032
2020-03-22 22:28:59.987 countTriangleMesh: TriangleMesh points count conflict: 674
2020-03-22 22:28:59.987 countTriangleMesh: TriangleMesh triangles: 1344  vertices: 4032
2020-03-22 22:28:59.988 saveActiveMesh: Writing meshes...
2020-03-22 22:28:59.988 saveActiveMesh: The mesh 0: MeshBody1

2020-03-22 22:28:59.989 writeMeshBodyPoints: Looking for the PolygonMesh...
2020-03-22 22:28:59.989 writeMeshBodyPoints: Looking for the TriangleMesh...
2020-03-22 22:28:59.989 writePolygonMeshPoints: Writing PolygonMesh points...
2020-03-22 22:29:00.043 writeTriangleMeshPoints: Writing TriangleMesh points...
2020-03-22 22:29:00.096 saveActiveMesh: Writing meshes...
2020-03-22 22:29:00.097 saveActiveMesh: The mesh 0: MeshBody1

2020-03-22 22:29:00.097 writeMeshBodyElems: Looking for the PolygonMesh...
2020-03-22 22:29:00.097 writeMeshBodyElems: Looking for the TriangleMesh...
2020-03-22 22:29:00.098 writePolygonMeshElems: Write PolygonMesh elems...
2020-03-22 22:29:00.156 writeTriangleMeshElems: Writing TriangleMesh elems...
2020-03-22 22:29:00.217 closeMeshFile: Mesh saved to the file E:\Users\Paulius\AppData\Roaming/Autodesk/Autodesk Fusion 360/API/AddIns/SaveMesh/SaveMesh_triangle.msh.
2020-03-22 22:29:00.218 closeMeshFile: Mesh saved to the file E:\Users\Paulius\AppData\Roaming/Autodesk/Autodesk Fusion 360/API/AddIns/SaveMesh/SaveMesh_polygon.msh.
2020-03-22 22:29:00.218 saveActiveMesh: The mesh is saved.
2020-03-22 22:29:01.640 stop: SaveMesh stopped
2020-03-22 22:35:37.659 init: SaveMesh started
2020-03-22 22:35:37.660 PollingTheApp: Polling thread started
2020-03-22 22:35:37.660 PollingTheApp: 0
2020-03-22 22:35:37.661 saveActiveMesh: saveActiveMesh()
2020-03-22 22:35:37.661 saveActiveMesh: Testing the product...
2020-03-22 22:35:37.661 saveActiveMesh: Testing the design...
2020-03-22 22:35:37.661 saveActiveMesh: Testing the root component...
2020-03-22 22:35:37.661 saveActiveMesh: Testing the mesh collection...
2020-03-22 22:35:37.662 saveActiveMesh: Calculating entities count...
2020-03-22 22:35:37.662 saveActiveMesh: The mesh 0 (MeshBody1) counts: 

2020-03-22 22:35:37.662 countMeshBody: Looking for the PolygonMesh...
2020-03-22 22:35:37.662 countMeshBody: Looking for the TriangleMesh...
2020-03-22 22:35:37.663 countPolygonMesh: PolygonMesh points: 674
2020-03-22 22:35:37.663 countPolygonMesh: PolygonMesh triangles: 1344  vertices: 4032
2020-03-22 22:35:37.663 countPolygonMesh: PolygonMesh quads: 0  vertices: 0
2020-03-22 22:35:37.664 countPolygonMesh: PolygonMesh polygons: 0  vertices: 0
2020-03-22 22:35:37.665 countTriangleMesh: TriangleMesh points: 4032
2020-03-22 22:35:37.666 countTriangleMesh: TriangleMesh points count conflict: 674
2020-03-22 22:35:37.666 countTriangleMesh: TriangleMesh triangles: 1344  vertices: 4032
2020-03-22 22:35:37.667 saveActiveMesh: Writing meshes...
2020-03-22 22:35:37.668 saveActiveMesh: The mesh 0: MeshBody1

2020-03-22 22:35:37.668 writeMeshBodyPoints: Looking for the PolygonMesh...
2020-03-22 22:35:37.668 writeMeshBodyPoints: Looking for the TriangleMesh...
2020-03-22 22:35:37.668 writePolygonMeshPoints: Writing PolygonMesh points...
2020-03-22 22:35:37.723 writeTriangleMeshPoints: Writing TriangleMesh points...
2020-03-22 22:35:37.786 saveActiveMesh: Writing meshes...
2020-03-22 22:35:37.787 saveActiveMesh: The mesh 0: MeshBody1

2020-03-22 22:35:37.787 writeMeshBodyElems: Looking for the PolygonMesh...
2020-03-22 22:35:37.787 writeMeshBodyElems: Looking for the TriangleMesh...
2020-03-22 22:35:37.788 writePolygonMeshElems: Write PolygonMesh elems...
2020-03-22 22:35:37.849 writeTriangleMeshElems: Writing TriangleMesh elems...
2020-03-22 22:35:37.911 closeMeshFile: Mesh saved to the file E:\Users\Paulius\AppData\Roaming/Autodesk/Autodesk Fusion 360/API/AddIns/SaveMesh/SaveMesh_triangle.msh.
2020-03-22 22:35:37.911 closeMeshFile: Mesh saved to the file E:\Users\Paulius\AppData\Roaming/Autodesk/Autodesk Fusion 360/API/AddIns/SaveMesh/SaveMesh_polygon.msh.
2020-03-22 22:35:37.911 saveActiveMesh: The mesh is saved.
2020-03-22 22:35:40.911 PollingTheApp: 1
2020-03-22 22:35:40.911 saveActiveMesh: saveActiveMesh()
2020-03-22 22:35:40.911 saveActiveMesh: Testing the product...
2020-03-22 22:35:40.911 saveActiveMesh: Testing the design...
2020-03-22 22:35:40.911 saveActiveMesh: Testing the root component...
2020-03-22 22:35:40.912 saveActiveMesh: Testing the mesh collection...
2020-03-22 22:35:40.912 saveActiveMesh: Calculating entities count...
2020-03-22 22:35:40.912 saveActiveMesh: The mesh 0 (MeshBody1) counts: 

2020-03-22 22:35:40.912 countMeshBody: Looking for the PolygonMesh...
2020-03-22 22:35:40.912 countMeshBody: Looking for the TriangleMesh...
2020-03-22 22:35:40.913 countPolygonMesh: PolygonMesh points: 674
2020-03-22 22:35:40.913 countPolygonMesh: PolygonMesh triangles: 1344  vertices: 4032
2020-03-22 22:35:40.914 countPolygonMesh: PolygonMesh quads: 0  vertices: 0
2020-03-22 22:35:40.914 countPolygonMesh: PolygonMesh polygons: 0  vertices: 0
2020-03-22 22:35:40.916 countTriangleMesh: TriangleMesh points: 4032
2020-03-22 22:35:40.916 countTriangleMesh: TriangleMesh points count conflict: 674
2020-03-22 22:35:40.916 countTriangleMesh: TriangleMesh triangles: 1344  vertices: 4032
2020-03-22 22:35:40.917 saveActiveMesh: Writing meshes...
2020-03-22 22:35:40.917 saveActiveMesh: The mesh 0: MeshBody1

2020-03-22 22:35:40.917 writeMeshBodyPoints: Looking for the PolygonMesh...
2020-03-22 22:35:40.918 writeMeshBodyPoints: Looking for the TriangleMesh...
2020-03-22 22:35:40.918 writePolygonMeshPoints: Writing PolygonMesh points...
2020-03-22 22:35:40.972 writeTriangleMeshPoints: Writing TriangleMesh points...
2020-03-22 22:35:41.025 saveActiveMesh: Writing meshes...
2020-03-22 22:35:41.025 saveActiveMesh: The mesh 0: MeshBody1

2020-03-22 22:35:41.025 writeMeshBodyElems: Looking for the PolygonMesh...
2020-03-22 22:35:41.026 writeMeshBodyElems: Looking for the TriangleMesh...
2020-03-22 22:35:41.026 writePolygonMeshElems: Write PolygonMesh elems...
2020-03-22 22:35:41.084 writeTriangleMeshElems: Writing TriangleMesh elems...
2020-03-22 22:35:41.142 closeMeshFile: Mesh saved to the file E:\Users\Paulius\AppData\Roaming/Autodesk/Autodesk Fusion 360/API/AddIns/SaveMesh/SaveMesh_triangle.msh.
2020-03-22 22:35:41.142 closeMeshFile: Mesh saved to the file E:\Users\Paulius\AppData\Roaming/Autodesk/Autodesk Fusion 360/API/AddIns/SaveMesh/SaveMesh_polygon.msh.
2020-03-22 22:35:41.143 saveActiveMesh: The mesh is saved.
2020-03-22 22:35:44.143 PollingTheApp: 2
2020-03-22 22:35:44.143 saveActiveMesh: saveActiveMesh()
2020-03-22 22:35:44.143 saveActiveMesh: Testing the product...
2020-03-22 22:35:44.143 saveActiveMesh: Testing the design...
2020-03-22 22:35:44.143 saveActiveMesh: Testing the root component...
2020-03-22 22:35:44.144 saveActiveMesh: Testing the mesh collection...
2020-03-22 22:35:44.144 saveActiveMesh: Calculating entities count...
2020-03-22 22:35:44.144 saveActiveMesh: The mesh 0 (MeshBody1) counts: 

2020-03-22 22:35:44.144 countMeshBody: Looking for the PolygonMesh...
2020-03-22 22:35:44.144 countMeshBody: Looking for the TriangleMesh...
2020-03-22 22:35:44.145 countPolygonMesh: PolygonMesh points: 674
2020-03-22 22:35:44.145 countPolygonMesh: PolygonMesh triangles: 1344  vertices: 4032
2020-03-22 22:35:44.146 countPolygonMesh: PolygonMesh quads: 0  vertices: 0
2020-03-22 22:35:44.146 countPolygonMesh: PolygonMesh polygons: 0  vertices: 0
2020-03-22 22:35:44.148 countTriangleMesh: TriangleMesh points: 4032
2020-03-22 22:35:44.148 countTriangleMesh: TriangleMesh points count conflict: 674
2020-03-22 22:35:44.149 countTriangleMesh: TriangleMesh triangles: 1344  vertices: 4032
2020-03-22 22:35:44.150 saveActiveMesh: Writing meshes...
2020-03-22 22:35:44.150 saveActiveMesh: The mesh 0: MeshBody1

2020-03-22 22:35:44.150 writeMeshBodyPoints: Looking for the PolygonMesh...
2020-03-22 22:35:44.150 writeMeshBodyPoints: Looking for the TriangleMesh...
2020-03-22 22:35:44.151 writePolygonMeshPoints: Writing PolygonMesh points...
2020-03-22 22:35:44.205 writeTriangleMeshPoints: Writing TriangleMesh points...
2020-03-22 22:35:44.260 saveActiveMesh: Writing meshes...
2020-03-22 22:35:44.261 saveActiveMesh: The mesh 0: MeshBody1

2020-03-22 22:35:44.261 writeMeshBodyElems: Looking for the PolygonMesh...
2020-03-22 22:35:44.261 writeMeshBodyElems: Looking for the TriangleMesh...
2020-03-22 22:35:44.261 writePolygonMeshElems: Write PolygonMesh elems...
2020-03-22 22:35:44.329 writeTriangleMeshElems: Writing TriangleMesh elems...
2020-03-22 22:35:44.389 closeMeshFile: Mesh saved to the file E:\Users\Paulius\AppData\Roaming/Autodesk/Autodesk Fusion 360/API/AddIns/SaveMesh/SaveMesh_triangle.msh.
2020-03-22 22:35:44.390 closeMeshFile: Mesh saved to the file E:\Users\Paulius\AppData\Roaming/Autodesk/Autodesk Fusion 360/API/AddIns/SaveMesh/SaveMesh_polygon.msh.
2020-03-22 22:35:44.390 saveActiveMesh: The mesh is saved.
2020-03-22 22:35:47.081 stop: SaveMesh stopped
